{"logTime": "0106/223312", "correlationVector":"LUI9boz0CaGhObn3Recif1.1","action":"SyncServerConnectionManagerRequest", "result":"SYNC_SERVER_OK", "context":{"environment":"Prod_EastUS2_000e", "migrationStage":"NotStarted", "server":"GENERAL0100000A"}}
{"logTime": "0106/223315", "correlationVector":"tlh3X6NZzirk4VSnIrC1Pj","action":"SyncServerConnectionManagerRequest", "result":"SYNC_SERVER_OK", "context":{"environment":"", "migrationStage":"", "server":""}}
{"logTime": "0106/223315", "correlationVector":"LUI9boz0CaGhObn3Recif1","action":"Initial GetUpdates", "result":"", "context":Reason: NEW_CLIENT. cV=LUI9boz0CaGhObn3Recif1}
{"logTime": "0106/223315", "correlationVector":"LUI9boz0CaGhObn3Recif1.2","action":"GetUpdates Response", "result":"Success", "context":Received 1 update(s). cV=LUI9boz0CaGhObn3Recif1.0;server=GENERAL0100000A;cloudType=Consumer;environment=Prod_EastUS2_000e;migrationStage=NotStarted}
{"logTime": "0106/223315", "correlationVector":"jxzHkd2n2e8jIM9K8tXkna","action":"Initial GetUpdates", "result":"", "context":Reason: NEWLY_SUPPORTED_DATATYPE. cV=jxzHkd2n2e8jIM9K8tXkna}
{"logTime": "0106/223315", "correlationVector":"jxzHkd2n2e8jIM9K8tXkna.1","action":"SyncServerConnectionManagerRequest", "result":"SYNC_SERVER_OK", "context":{"environment":"Prod_EastUS2_000e", "migrationStage":"NotStarted", "server":"GENERAL0100001B"}}
{"logTime": "0106/223315", "correlationVector":"jxzHkd2n2e8jIM9K8tXkna.2","action":"GetUpdates Response", "result":"Success", "context":Received 250 update(s). cV=jxzHkd2n2e8jIM9K8tXkna.0;server=GENERAL0100001B;cloudType=Consumer;environment=Prod_EastUS2_000e;migrationStage=NotStarted Some updates remain.}
{"logTime": "0106/223315", "correlationVector":"rupm31zk19KVhH69twtWS+","action":"Initial GetUpdates", "result":"", "context":Reason: NEWLY_SUPPORTED_DATATYPE. cV=rupm31zk19KVhH69twtWS+}
{"logTime": "0106/223316", "correlationVector":"rupm31zk19KVhH69twtWS+.1","action":"SyncServerConnectionManagerRequest", "result":"SYNC_SERVER_OK", "context":{"environment":"Prod_EastUS2_000e", "migrationStage":"NotStarted", "server":"GENERAL0100001F"}}
{"logTime": "0106/223316", "correlationVector":"rupm31zk19KVhH69twtWS+.2","action":"GetUpdates Response", "result":"Success", "context":Received 63 update(s). cV=rupm31zk19KVhH69twtWS+.0;server=GENERAL0100001F;cloudType=Consumer;environment=Prod_EastUS2_000e;migrationStage=NotStarted}
{"logTime": "0106/223316", "correlationVector":"SVVkvRErfT3wGLx94jnc8s","action":"Initial GetUpdates", "result":"", "context":Reason: NEWLY_SUPPORTED_DATATYPE. cV=SVVkvRErfT3wGLx94jnc8s}
{"logTime": "0106/223316", "correlationVector":"SVVkvRErfT3wGLx94jnc8s.1","action":"SyncServerConnectionManagerRequest", "result":"SYNC_SERVER_OK", "context":{"environment":"Prod_EastUS2_000e", "migrationStage":"NotStarted", "server":"GENERAL0100001J"}}
{"logTime": "0106/223316", "correlationVector":"SVVkvRErfT3wGLx94jnc8s.2","action":"GetUpdates Response", "result":"Success", "context":Received 11 update(s). cV=SVVkvRErfT3wGLx94jnc8s.0;server=GENERAL0100001J;cloudType=Consumer;environment=Prod_EastUS2_000e;migrationStage=NotStarted}
{"logTime": "0106/223316", "correlationVector":"yZ6yZFArnA6ElH14/OiJD0","action":"Initial GetUpdates", "result":"", "context":Reason: NEWLY_SUPPORTED_DATATYPE. cV=yZ6yZFArnA6ElH14/OiJD0}
{"logTime": "0106/223316", "correlationVector":"yZ6yZFArnA6ElH14/OiJD0.1","action":"SyncServerConnectionManagerRequest", "result":"SYNC_SERVER_OK", "context":{"environment":"Prod_EastUS2_000e", "migrationStage":"NotStarted", "server":"GENERAL0100001Q"}}
{"logTime": "0106/223316", "correlationVector":"yZ6yZFArnA6ElH14/OiJD0.2","action":"GetUpdates", "result":"DeleteReceived", "context":{"id":"9f0ea1bb-3b5f-4865-b7a1-00afe7f6513f", "isDeleted:":"true", "version":"1732479893113"}}
{"logTime": "0106/223316", "correlationVector":"yZ6yZFArnA6ElH14/OiJD0.3","action":"GetUpdates", "result":"DeleteReceived", "context":{"id":"3b43da68-89a4-44c5-95a7-d5de7618db99", "isDeleted:":"true", "version":"1729019870366"}}
{"logTime": "0106/223316", "correlationVector":"yZ6yZFArnA6ElH14/OiJD0.4","action":"GetUpdates", "result":"DeleteReceived", "context":{"id":"65f30e12-47bb-4527-9cb5-6e7732d67164", "isDeleted:":"true", "version":"1729114011708"}}
{"logTime": "0106/223316", "correlationVector":"yZ6yZFArnA6ElH14/OiJD0.5","action":"GetUpdates", "result":"DeleteReceived", "context":{"id":"0d0ecb16-9351-4e8b-b343-53cd0f00d6c9", "isDeleted:":"true", "version":"1729629063158"}}
{"logTime": "0106/223316", "correlationVector":"yZ6yZFArnA6ElH14/OiJD0.6","action":"GetUpdates", "result":"DeleteReceived", "context":{"id":"f65e9eb0-2dea-4188-8d39-453d749b2023", "isDeleted:":"true", "version":"1729641531824"}}
{"logTime": "0106/223316", "correlationVector":"yZ6yZFArnA6ElH14/OiJD0.7","action":"GetUpdates", "result":"DeleteReceived", "context":{"id":"a91529f6-a4b5-47eb-9a1d-210f54f7317d", "isDeleted:":"true", "version":"1729721322170"}}
{"logTime": "0106/223316", "correlationVector":"yZ6yZFArnA6ElH14/OiJD0.8","action":"GetUpdates", "result":"DeleteReceived", "context":{"id":"96591a9c-481f-4e20-bd14-960038573172", "isDeleted:":"true", "version":"1729775963184"}}
{"logTime": "0106/223316", "correlationVector":"yZ6yZFArnA6ElH14/OiJD0.9","action":"GetUpdates", "result":"DeleteReceived", "context":{"id":"20c2df6f-b49f-4115-afd5-859870281cc0", "isDeleted:":"true", "version":"1730638147858"}}
{"logTime": "0106/223316", "correlationVector":"yZ6yZFArnA6ElH14/OiJD0.10","action":"GetUpdates", "result":"DeleteReceived", "context":{"id":"253885dd-4b52-4f83-b5dd-89161bbaa3e6", "isDeleted:":"true", "version":"1731373441854"}}
{"logTime": "0106/223316", "correlationVector":"yZ6yZFArnA6ElH14/OiJD0.11","action":"GetUpdates", "result":"DeleteReceived", "context":{"id":"9e08d404-f56f-483a-bfbe-425e7dc5af7a", "isDeleted:":"true", "version":"1731373441855"}}
{"logTime": "0106/223316", "correlationVector":"yZ6yZFArnA6ElH14/OiJD0.12","action":"GetUpdates", "result":"DeleteReceived", "context":{"id":"940b5ddf-c283-4a9d-a71b-cdff160d7fcd", "isDeleted:":"true", "version":"1731373441856"}}
{"logTime": "0106/223316", "correlationVector":"yZ6yZFArnA6ElH14/OiJD0.13","action":"GetUpdates", "result":"DeleteReceived", "context":{"id":"12c1866b-87de-4b5a-b0d5-1dd51d50bede", "isDeleted:":"true", "version":"1731373674528"}}
{"logTime": "0106/223316", "correlationVector":"yZ6yZFArnA6ElH14/OiJD0.14","action":"GetUpdates", "result":"DeleteReceived", "context":{"id":"29711c40-ea3c-4ac6-ac9f-51e1737126ac", "isDeleted:":"true", "version":"1731376187111"}}
{"logTime": "0106/223316", "correlationVector":"yZ6yZFArnA6ElH14/OiJD0.15","action":"GetUpdates", "result":"DeleteReceived", "context":{"id":"81ba1c5f-94aa-46db-853a-b5df7952e9eb", "isDeleted:":"true", "version":"1731784131909"}}
{"logTime": "0106/223316", "correlationVector":"yZ6yZFArnA6ElH14/OiJD0.16","action":"GetUpdates", "result":"DeleteReceived", "context":{"id":"7b89ff66-82bd-4c22-9c67-438769bd3742", "isDeleted:":"true", "version":"1731784807973"}}
{"logTime": "0106/223316", "correlationVector":"yZ6yZFArnA6ElH14/OiJD0.17","action":"GetUpdates", "result":"DeleteReceived", "context":{"id":"625a4a5e-8af0-4e94-b39a-799069b1ec0f", "isDeleted:":"true", "version":"1731792959440"}}
{"logTime": "0106/223316", "correlationVector":"yZ6yZFArnA6ElH14/OiJD0.18","action":"GetUpdates", "result":"DeleteReceived", "context":{"id":"f34ae847-0195-478e-911a-f42421d02471", "isDeleted:":"true", "version":"1732286389008"}}
{"logTime": "0106/223316", "correlationVector":"yZ6yZFArnA6ElH14/OiJD0.19","action":"GetUpdates", "result":"DeleteReceived", "context":{"id":"bcd56100-a731-4838-9cfa-88b511cb81d6", "isDeleted:":"true", "version":"1732479892150"}}
{"logTime": "0106/223316", "correlationVector":"yZ6yZFArnA6ElH14/OiJD0.20","action":"GetUpdates", "result":"DeleteReceived", "context":{"id":"3cedc153-247c-4847-bba4-228fdde48440", "isDeleted:":"true", "version":"1732479892151"}}
{"logTime": "0106/223316", "correlationVector":"yZ6yZFArnA6ElH14/OiJD0.21","action":"GetUpdates", "result":"DeleteReceived", "context":{"id":"859aa55a-be1e-42e4-a6b0-19ac5caca6b0", "isDeleted:":"true", "version":"1732479973047"}}
{"logTime": "0106/223316", "correlationVector":"yZ6yZFArnA6ElH14/OiJD0.22","action":"GetUpdates", "result":"DeleteReceived", "context":{"id":"747f6862-b5ee-4dbd-9f65-e185c7803c32", "isDeleted:":"true", "version":"1732480067414"}}
{"logTime": "0106/223316", "correlationVector":"yZ6yZFArnA6ElH14/OiJD0.23","action":"GetUpdates", "result":"DeleteReceived", "context":{"id":"ecded2cb-3eb0-4a71-a320-9e3a669847e1", "isDeleted:":"true", "version":"1732921755093"}}
{"logTime": "0106/223316", "correlationVector":"yZ6yZFArnA6ElH14/OiJD0.24","action":"GetUpdates", "result":"DeleteReceived", "context":{"id":"625601da-34e7-4db7-b655-b76f736e99ec", "isDeleted:":"true", "version":"1733004064750"}}
{"logTime": "0106/223316", "correlationVector":"yZ6yZFArnA6ElH14/OiJD0.25","action":"GetUpdates", "result":"DeleteReceived", "context":{"id":"cde476cb-fd47-458b-a79f-d2d2e7e26d2f", "isDeleted:":"true", "version":"1733004064751"}}
{"logTime": "0106/223316", "correlationVector":"yZ6yZFArnA6ElH14/OiJD0.26","action":"GetUpdates", "result":"DeleteReceived", "context":{"id":"7beca622-3a73-45f1-8a1c-163ce5cbb119", "isDeleted:":"true", "version":"1733004064752"}}
{"logTime": "0106/223316", "correlationVector":"yZ6yZFArnA6ElH14/OiJD0.27","action":"GetUpdates", "result":"DeleteReceived", "context":{"id":"019a8c81-a4af-4f77-afa4-e37f6621f003", "isDeleted:":"true", "version":"1733004064754"}}
{"logTime": "0106/223316", "correlationVector":"yZ6yZFArnA6ElH14/OiJD0.28","action":"GetUpdates", "result":"DeleteReceived", "context":{"id":"73938e1f-8bd0-418f-a5ba-df6d381b4af1", "isDeleted:":"true", "version":"1733004162519"}}
{"logTime": "0106/223316", "correlationVector":"yZ6yZFArnA6ElH14/OiJD0.29","action":"GetUpdates", "result":"DeleteReceived", "context":{"id":"792de643-a1b8-4c73-8087-2bdc9eb13a57", "isDeleted:":"true", "version":"1733004926066"}}
{"logTime": "0106/223316", "correlationVector":"yZ6yZFArnA6ElH14/OiJD0.30","action":"GetUpdates", "result":"DeleteReceived", "context":{"id":"a6ebcd53-74b3-44e1-a114-5ed8a089bac0", "isDeleted:":"true", "version":"1733018619892"}}
{"logTime": "0106/223316", "correlationVector":"yZ6yZFArnA6ElH14/OiJD0.31","action":"GetUpdates", "result":"DeleteReceived", "context":{"id":"a2c04e23-12dd-44e4-af3a-2b1b3c02ae9d", "isDeleted:":"true", "version":"1733018619893"}}
{"logTime": "0106/223316", "correlationVector":"yZ6yZFArnA6ElH14/OiJD0.32","action":"GetUpdates", "result":"DeleteReceived", "context":{"id":"d1ab07d3-dd76-41b8-9d20-f64b1d9b21d3", "isDeleted:":"true", "version":"1733343245584"}}
{"logTime": "0106/223316", "correlationVector":"yZ6yZFArnA6ElH14/OiJD0.33","action":"GetUpdates", "result":"DeleteReceived", "context":{"id":"10df1036-7dd4-4ce5-9d53-da1094273c13", "isDeleted:":"true", "version":"1733343245585"}}
{"logTime": "0106/223316", "correlationVector":"yZ6yZFArnA6ElH14/OiJD0.34","action":"GetUpdates", "result":"DeleteReceived", "context":{"id":"e16a199b-5521-4f83-b152-9322cac7bf4c", "isDeleted:":"true", "version":"1733358520098"}}
{"logTime": "0106/223316", "correlationVector":"yZ6yZFArnA6ElH14/OiJD0.35","action":"GetUpdates", "result":"DeleteReceived", "context":{"id":"5140f7cd-1270-4c09-beb4-97fb8d63adf0", "isDeleted:":"true", "version":"1733416028301"}}
{"logTime": "0106/223316", "correlationVector":"yZ6yZFArnA6ElH14/OiJD0.36","action":"GetUpdates", "result":"DeleteReceived", "context":{"id":"36301bf1-cad6-4bb1-aa8e-9544acfd617b", "isDeleted:":"true", "version":"1733417120068"}}
{"logTime": "0106/223316", "correlationVector":"yZ6yZFArnA6ElH14/OiJD0.37","action":"GetUpdates", "result":"DeleteReceived", "context":{"id":"79b56b85-3f5e-476c-9923-1f8364ea1491", "isDeleted:":"true", "version":"1733431515811"}}
{"logTime": "0106/223316", "correlationVector":"yZ6yZFArnA6ElH14/OiJD0.38","action":"GetUpdates", "result":"DeleteReceived", "context":{"id":"6c2de24b-fe27-4f46-9b86-480cbc8b1530", "isDeleted:":"true", "version":"1733442288717"}}
{"logTime": "0106/223316", "correlationVector":"yZ6yZFArnA6ElH14/OiJD0.39","action":"GetUpdates", "result":"DeleteReceived", "context":{"id":"cfeae2fc-1d4c-46e5-b87d-b88d1dd04209", "isDeleted:":"true", "version":"1733514833313"}}
{"logTime": "0106/223316", "correlationVector":"yZ6yZFArnA6ElH14/OiJD0.40","action":"GetUpdates", "result":"DeleteReceived", "context":{"id":"5d971f02-4559-4dbf-abc5-bf6ac2feb719", "isDeleted:":"true", "version":"1733516460390"}}
{"logTime": "0106/223316", "correlationVector":"yZ6yZFArnA6ElH14/OiJD0.41","action":"GetUpdates", "result":"DeleteReceived", "context":{"id":"4fffa2f3-2aa0-4551-bd71-14fff8c94ce7", "isDeleted:":"true", "version":"1733516796899"}}
{"logTime": "0106/223316", "correlationVector":"yZ6yZFArnA6ElH14/OiJD0.42","action":"GetUpdates", "result":"DeleteReceived", "context":{"id":"7dcc545a-d440-42ff-ae93-39014dc84ce6", "isDeleted:":"true", "version":"1733518042414"}}
{"logTime": "0106/223316", "correlationVector":"yZ6yZFArnA6ElH14/OiJD0.43","action":"GetUpdates", "result":"DeleteReceived", "context":{"id":"8c64ddbd-c311-448f-a311-ee903a4d246c", "isDeleted:":"true", "version":"1733602254495"}}
{"logTime": "0106/223316", "correlationVector":"yZ6yZFArnA6ElH14/OiJD0.44","action":"GetUpdates", "result":"DeleteReceived", "context":{"id":"f340ccf3-5228-4d61-a741-7a3d5308d820", "isDeleted:":"true", "version":"1733608930831"}}
{"logTime": "0106/223316", "correlationVector":"yZ6yZFArnA6ElH14/OiJD0.45","action":"GetUpdates", "result":"DeleteReceived", "context":{"id":"cc822315-4dc5-4055-8f2d-c0401e9e9a00", "isDeleted:":"true", "version":"1733659808637"}}
{"logTime": "0106/223316", "correlationVector":"yZ6yZFArnA6ElH14/OiJD0.46","action":"GetUpdates", "result":"DeleteReceived", "context":{"id":"09739532-708b-4f62-8680-69b6749ac9f0", "isDeleted:":"true", "version":"1733674193911"}}
{"logTime": "0106/223316", "correlationVector":"yZ6yZFArnA6ElH14/OiJD0.47","action":"GetUpdates", "result":"DeleteReceived", "context":{"id":"672f9de2-8325-43ad-8cc6-e2e13be0a767", "isDeleted:":"true", "version":"1733680007967"}}
{"logTime": "0106/223316", "correlationVector":"yZ6yZFArnA6ElH14/OiJD0.48","action":"GetUpdates", "result":"DeleteReceived", "context":{"id":"9dc216a0-8952-4b00-bb60-f7529ffd0fee", "isDeleted:":"true", "version":"1733681138130"}}
{"logTime": "0106/223316", "correlationVector":"yZ6yZFArnA6ElH14/OiJD0.49","action":"GetUpdates", "result":"DeleteReceived", "context":{"id":"121f6e1e-bc8c-4a40-ada3-8c16570121a5", "isDeleted:":"true", "version":"1733681910708"}}
{"logTime": "0106/223316", "correlationVector":"yZ6yZFArnA6ElH14/OiJD0.50","action":"GetUpdates", "result":"DeleteReceived", "context":{"id":"2aa3fbfa-5d04-4537-938a-64cfaf10912e", "isDeleted:":"true", "version":"1733769214963"}}
{"logTime": "0106/223316", "correlationVector":"yZ6yZFArnA6ElH14/OiJD0.51","action":"GetUpdates", "result":"DeleteReceived", "context":{"id":"ef713585-05e4-4967-9e46-480bdd5f61fd", "isDeleted:":"true", "version":"1733771341082"}}
{"logTime": "0106/223316", "correlationVector":"yZ6yZFArnA6ElH14/OiJD0.52","action":"GetUpdates", "result":"DeleteReceived", "context":{"id":"25bc5103-a557-4654-b0d7-71d0993808e8", "isDeleted:":"true", "version":"1733775103917"}}
{"logTime": "0106/223316", "correlationVector":"yZ6yZFArnA6ElH14/OiJD0.53","action":"GetUpdates", "result":"DeleteReceived", "context":{"id":"031b1486-a6ed-4e3f-a0fd-ed0bdf14c2cb", "isDeleted:":"true", "version":"1733778773648"}}
{"logTime": "0106/223316", "correlationVector":"yZ6yZFArnA6ElH14/OiJD0.54","action":"GetUpdates", "result":"DeleteReceived", "context":{"id":"f4461351-59a1-4942-8116-84dfbf0fb310", "isDeleted:":"true", "version":"1733784589516"}}
{"logTime": "0106/223316", "correlationVector":"yZ6yZFArnA6ElH14/OiJD0.55","action":"GetUpdates", "result":"DeleteReceived", "context":{"id":"6f106dc7-1089-4fda-870d-980c448861fd", "isDeleted:":"true", "version":"1733785874872"}}
{"logTime": "0106/223316", "correlationVector":"yZ6yZFArnA6ElH14/OiJD0.56","action":"GetUpdates", "result":"DeleteReceived", "context":{"id":"db24cd11-1d94-4b25-a533-806d188d100b", "isDeleted:":"true", "version":"1733794947522"}}
{"logTime": "0106/223316", "correlationVector":"yZ6yZFArnA6ElH14/OiJD0.57","action":"GetUpdates", "result":"DeleteReceived", "context":{"id":"b3067fc4-4f3a-476a-a93a-e5788a42b77a", "isDeleted:":"true", "version":"1734122211089"}}
{"logTime": "0106/223316", "correlationVector":"yZ6yZFArnA6ElH14/OiJD0.58","action":"GetUpdates", "result":"DeleteReceived", "context":{"id":"a50afaaa-e4d7-46ee-9d64-eafa583c2e64", "isDeleted:":"true", "version":"1734192899596"}}
{"logTime": "0106/223316", "correlationVector":"yZ6yZFArnA6ElH14/OiJD0.59","action":"GetUpdates", "result":"DeleteReceived", "context":{"id":"524a0237-3041-4efc-9a60-fd9f9a6b28e5", "isDeleted:":"true", "version":"1734192990789"}}
{"logTime": "0106/223316", "correlationVector":"yZ6yZFArnA6ElH14/OiJD0.60","action":"GetUpdates", "result":"DeleteReceived", "context":{"id":"75a70d35-49fb-4844-94ff-5fbcebe9b003", "isDeleted:":"true", "version":"1734193102529"}}
{"logTime": "0106/223316", "correlationVector":"yZ6yZFArnA6ElH14/OiJD0.61","action":"GetUpdates", "result":"DeleteReceived", "context":{"id":"e5d159b7-37f9-4297-93ef-7bae7f5f0c45", "isDeleted:":"true", "version":"1734207044159"}}
{"logTime": "0106/223316", "correlationVector":"yZ6yZFArnA6ElH14/OiJD0.62","action":"GetUpdates", "result":"DeleteReceived", "context":{"id":"470a7490-5fc6-433f-a114-1cce0a95448d", "isDeleted:":"true", "version":"1734207931093"}}
{"logTime": "0106/223316", "correlationVector":"yZ6yZFArnA6ElH14/OiJD0.63","action":"GetUpdates", "result":"DeleteReceived", "context":{"id":"34d03bc1-9453-40e0-b189-8f5f4e5bde2d", "isDeleted:":"true", "version":"1734208156368"}}
{"logTime": "0106/223316", "correlationVector":"yZ6yZFArnA6ElH14/OiJD0.64","action":"GetUpdates", "result":"DeleteReceived", "context":{"id":"b2eb864d-e717-42c6-b2c4-d1c7a7cf04a9", "isDeleted:":"true", "version":"1734208595658"}}
{"logTime": "0106/223316", "correlationVector":"yZ6yZFArnA6ElH14/OiJD0.65","action":"GetUpdates", "result":"DeleteReceived", "context":{"id":"67f15161-e787-4e73-9c22-7d270bf794ba", "isDeleted:":"true", "version":"1734215457744"}}
{"logTime": "0106/223316", "correlationVector":"yZ6yZFArnA6ElH14/OiJD0.66","action":"GetUpdates", "result":"DeleteReceived", "context":{"id":"c2629c7e-e572-424c-9dac-e71c612d5613", "isDeleted:":"true", "version":"1734216728908"}}
{"logTime": "0106/223316", "correlationVector":"yZ6yZFArnA6ElH14/OiJD0.67","action":"GetUpdates", "result":"DeleteReceived", "context":{"id":"8311e97f-8d66-4390-b19a-b16fbaa8e85a", "isDeleted:":"true", "version":"1734271105153"}}
{"logTime": "0106/223316", "correlationVector":"yZ6yZFArnA6ElH14/OiJD0.68","action":"GetUpdates", "result":"DeleteReceived", "context":{"id":"ea1819df-f856-4f48-b8b5-8e1f3aef38f4", "isDeleted:":"true", "version":"1734281119828"}}
{"logTime": "0106/223316", "correlationVector":"yZ6yZFArnA6ElH14/OiJD0.69","action":"GetUpdates", "result":"DeleteReceived", "context":{"id":"ff872357-9fb8-498d-beb2-6db24e89af9f", "isDeleted:":"true", "version":"1734284147988"}}
{"logTime": "0106/223316", "correlationVector":"yZ6yZFArnA6ElH14/OiJD0.70","action":"GetUpdates", "result":"DeleteReceived", "context":{"id":"2e8131e0-a1c6-4820-9818-fc685b41c51e", "isDeleted:":"true", "version":"1734347935980"}}
{"logTime": "0106/223316", "correlationVector":"yZ6yZFArnA6ElH14/OiJD0.71","action":"GetUpdates", "result":"DeleteReceived", "context":{"id":"6212e384-8ebe-44ed-b55a-a4d94aa0743d", "isDeleted:":"true", "version":"1734358436021"}}
{"logTime": "0106/223316", "correlationVector":"yZ6yZFArnA6ElH14/OiJD0.72","action":"GetUpdates", "result":"DeleteReceived", "context":{"id":"584abebe-e138-4ade-9f0d-78c2066866fd", "isDeleted:":"true", "version":"1734361458649"}}
{"logTime": "0106/223316", "correlationVector":"yZ6yZFArnA6ElH14/OiJD0.73","action":"GetUpdates", "result":"DeleteReceived", "context":{"id":"a219b911-0e33-4d27-98cf-e5600902f774", "isDeleted:":"true", "version":"1734361754589"}}
{"logTime": "0106/223316", "correlationVector":"yZ6yZFArnA6ElH14/OiJD0.74","action":"GetUpdates", "result":"DeleteReceived", "context":{"id":"d57b844d-618d-49fe-9e4e-2b963a7b1a5a", "isDeleted:":"true", "version":"1734363866077"}}
{"logTime": "0106/223316", "correlationVector":"yZ6yZFArnA6ElH14/OiJD0.75","action":"GetUpdates", "result":"DeleteReceived", "context":{"id":"9172cbde-fb4a-4b29-adb0-71d047898587", "isDeleted:":"true", "version":"1734385958271"}}
{"logTime": "0106/223316", "correlationVector":"yZ6yZFArnA6ElH14/OiJD0.76","action":"GetUpdates", "result":"DeleteReceived", "context":{"id":"f0d52a44-56ab-453d-8798-f03377f12686", "isDeleted:":"true", "version":"1734454413355"}}
{"logTime": "0106/223316", "correlationVector":"yZ6yZFArnA6ElH14/OiJD0.77","action":"GetUpdates", "result":"DeleteReceived", "context":{"id":"16f77019-6609-45e0-8d4b-fb50a834a31c", "isDeleted:":"true", "version":"1734459695158"}}
{"logTime": "0106/223316", "correlationVector":"yZ6yZFArnA6ElH14/OiJD0.78","action":"GetUpdates", "result":"DeleteReceived", "context":{"id":"a9078853-0f44-4210-a815-13456add805f", "isDeleted:":"true", "version":"1734524234604"}}
{"logTime": "0106/223316", "correlationVector":"yZ6yZFArnA6ElH14/OiJD0.79","action":"GetUpdates", "result":"DeleteReceived", "context":{"id":"1271fef9-40c3-45c8-a350-b94cafebfdcd", "isDeleted:":"true", "version":"1734526387369"}}
{"logTime": "0106/223316", "correlationVector":"yZ6yZFArnA6ElH14/OiJD0.80","action":"GetUpdates", "result":"DeleteReceived", "context":{"id":"6a2e3921-01cd-490d-b5ab-67c1aa415012", "isDeleted:":"true", "version":"1734526864396"}}
{"logTime": "0106/223316", "correlationVector":"yZ6yZFArnA6ElH14/OiJD0.81","action":"GetUpdates", "result":"DeleteReceived", "context":{"id":"b05a17b6-59d1-4e2c-a9cf-9105d12690ca", "isDeleted:":"true", "version":"1734527934269"}}
{"logTime": "0106/223316", "correlationVector":"yZ6yZFArnA6ElH14/OiJD0.82","action":"GetUpdates", "result":"DeleteReceived", "context":{"id":"210d14c2-7b48-4513-aa70-7993af205509", "isDeleted:":"true", "version":"1734984929339"}}
{"logTime": "0106/223316", "correlationVector":"yZ6yZFArnA6ElH14/OiJD0.83","action":"GetUpdates", "result":"DeleteReceived", "context":{"id":"503216c7-f520-4be1-9ec7-abbdeb3fabc0", "isDeleted:":"true", "version":"1734984929340"}}
{"logTime": "0106/223316", "correlationVector":"yZ6yZFArnA6ElH14/OiJD0.84","action":"GetUpdates", "result":"DeleteReceived", "context":{"id":"e88d11b4-9104-4ec8-8899-996a5be42324", "isDeleted:":"true", "version":"1734991726099"}}
{"logTime": "0106/223316", "correlationVector":"yZ6yZFArnA6ElH14/OiJD0.85","action":"GetUpdates", "result":"DeleteReceived", "context":{"id":"5817e529-bb88-48c2-a6d8-c761519d7e4d", "isDeleted:":"true", "version":"1734991726100"}}
{"logTime": "0106/223316", "correlationVector":"yZ6yZFArnA6ElH14/OiJD0.86","action":"GetUpdates", "result":"DeleteReceived", "context":{"id":"8ee18b6a-6cef-4b0e-acc5-a76841f70791", "isDeleted:":"true", "version":"1735244672915"}}
{"logTime": "0106/223316", "correlationVector":"yZ6yZFArnA6ElH14/OiJD0.87","action":"GetUpdates", "result":"DeleteReceived", "context":{"id":"4999f9d0-f797-4572-b7ca-b0232bf8b7ab", "isDeleted:":"true", "version":"1735244672916"}}
{"logTime": "0106/223316", "correlationVector":"yZ6yZFArnA6ElH14/OiJD0.88","action":"GetUpdates", "result":"DeleteReceived", "context":{"id":"ab1fc729-ed2a-4ae5-9a5c-f69a7089b538", "isDeleted:":"true", "version":"1735244672917"}}
{"logTime": "0106/223316", "correlationVector":"yZ6yZFArnA6ElH14/OiJD0.89","action":"GetUpdates", "result":"DeleteReceived", "context":{"id":"27e7da71-6e2a-4378-be4a-55c84f1388c9", "isDeleted:":"true", "version":"1735244672918"}}
{"logTime": "0106/223316", "correlationVector":"yZ6yZFArnA6ElH14/OiJD0.90","action":"GetUpdates", "result":"DeleteReceived", "context":{"id":"65ac3ccb-917b-4591-b915-c29f3a13e6d9", "isDeleted:":"true", "version":"1735244672919"}}
{"logTime": "0106/223316", "correlationVector":"yZ6yZFArnA6ElH14/OiJD0.91","action":"GetUpdates", "result":"DeleteReceived", "context":{"id":"eedbda51-9a19-4544-a2b4-4c104213077a", "isDeleted:":"true", "version":"1735244672920"}}
{"logTime": "0106/223316", "correlationVector":"yZ6yZFArnA6ElH14/OiJD0.92","action":"GetUpdates", "result":"DeleteReceived", "context":{"id":"5f002a6c-bccc-466d-970e-c2083d15bfa0", "isDeleted:":"true", "version":"1735244672921"}}
{"logTime": "0106/223316", "correlationVector":"yZ6yZFArnA6ElH14/OiJD0.93","action":"GetUpdates", "result":"DeleteReceived", "context":{"id":"0c7286ff-7d4a-4344-b58b-f51d2f3287fd", "isDeleted:":"true", "version":"1735244672922"}}
{"logTime": "0106/223316", "correlationVector":"yZ6yZFArnA6ElH14/OiJD0.94","action":"GetUpdates", "result":"DeleteReceived", "context":{"id":"c87b719b-83d9-409a-b043-00f698015327", "isDeleted:":"true", "version":"1735244672923"}}
{"logTime": "0106/223316", "correlationVector":"yZ6yZFArnA6ElH14/OiJD0.95","action":"GetUpdates", "result":"DeleteReceived", "context":{"id":"a8a56c11-adb1-48fa-b768-6cb699dc2064", "isDeleted:":"true", "version":"1735244672924"}}
{"logTime": "0106/223316", "correlationVector":"yZ6yZFArnA6ElH14/OiJD0.96","action":"GetUpdates", "result":"DeleteReceived", "context":{"id":"15b8e4e1-203b-415c-94cf-7cd31f3b563f", "isDeleted:":"true", "version":"1735244672925"}}
{"logTime": "0106/223316", "correlationVector":"yZ6yZFArnA6ElH14/OiJD0.97","action":"GetUpdates", "result":"DeleteReceived", "context":{"id":"bed0f7f4-9ba3-45b7-94dd-ccac021c3f36", "isDeleted:":"true", "version":"1735244672927"}}
{"logTime": "0106/223316", "correlationVector":"yZ6yZFArnA6ElH14/OiJD0.98","action":"GetUpdates", "result":"DeleteReceived", "context":{"id":"92f3d8fb-b4f4-4fac-a748-297f8ed17403", "isDeleted:":"true", "version":"1735244674209"}}
{"logTime": "0106/223316", "correlationVector":"yZ6yZFArnA6ElH14/OiJD0.99","action":"GetUpdates", "result":"DeleteReceived", "context":{"id":"04394c88-776b-4059-9548-71a1052ea672", "isDeleted:":"true", "version":"1735737170354"}}
{"logTime": "0106/223316", "correlationVector":"yZ6yZFArnA6ElH14/OiJD0.100","action":"GetUpdates", "result":"DeleteReceived", "context":{"id":"0bb32711-c220-48c9-8dc4-ca520f0bab22", "isDeleted:":"true", "version":"1735737170355"}}
{"logTime": "0106/223316", "correlationVector":"yZ6yZFArnA6ElH14/OiJD0.101","action":"GetUpdates", "result":"DeleteReceived", "context":{"id":"ac3bd6f7-59ba-4054-986c-0999b745c92e", "isDeleted:":"true", "version":"1735737170356"}}
{"logTime": "0106/223316", "correlationVector":"yZ6yZFArnA6ElH14/OiJD0.102","action":"GetUpdates", "result":"DeleteReceived", "context":{"id":"7632ed0a-eefe-4c74-a879-8431d35ded17", "isDeleted:":"true", "version":"1735737170358"}}
{"logTime": "0106/223316", "correlationVector":"yZ6yZFArnA6ElH14/OiJD0.103","action":"GetUpdates", "result":"DeleteReceived", "context":{"id":"6fddca1f-c25e-48ee-88b3-8e2c54396911", "isDeleted:":"true", "version":"1735738273254"}}
{"logTime": "0106/223316", "correlationVector":"yZ6yZFArnA6ElH14/OiJD0.104","action":"GetUpdates", "result":"DeleteReceived", "context":{"id":"25d232c6-f904-4c60-af1c-bd47cb11d965", "isDeleted:":"true", "version":"1735739979016"}}
{"logTime": "0106/223316", "correlationVector":"yZ6yZFArnA6ElH14/OiJD0.105","action":"GetUpdates", "result":"DeleteReceived", "context":{"id":"c4d4f990-a6e4-4ba0-a398-ed128c3864ad", "isDeleted:":"true", "version":"1735739979017"}}
{"logTime": "0106/223316", "correlationVector":"yZ6yZFArnA6ElH14/OiJD0.106","action":"GetUpdates", "result":"DeleteReceived", "context":{"id":"65144d08-fa4d-4af9-afce-fa8b2a40cef8", "isDeleted:":"true", "version":"1733004064755"}}
{"logTime": "0106/223316", "correlationVector":"yZ6yZFArnA6ElH14/OiJD0.107","action":"GetUpdates", "result":"DeleteReceived", "context":{"id":"88287c7e-6147-43bd-9e66-31d5c2af7636", "isDeleted:":"true", "version":"1735737170360"}}
{"logTime": "0106/223316", "correlationVector":"yZ6yZFArnA6ElH14/OiJD0.108","action":"GetUpdates Response", "result":"Success", "context":Received 166 update(s). cV=yZ6yZFArnA6ElH14/OiJD0.0;server=GENERAL0100001Q;cloudType=Consumer;environment=Prod_EastUS2_000e;migrationStage=NotStarted}
{"logTime": "0106/223317", "correlationVector":"UFVDyrVfFJTN6gnzeB1Nbw","action":"Normal GetUpdate request", "result":"", "context":cV=UFVDyrVfFJTN6gnzeB1Nbw
Nudged types: Sessions, Device Info, User Consents, Encryption Keys
Refresh requested types: Bookmarks, Preferences, Passwords, Autofill Profiles, Autofill, Typed URLs, Extensions, Sessions, Extension settings, History Delete Directives, Device Info, User Consents, Send Tab To Self, Web Apps, Collection, Edge E Drop, Edge Hub App Usage, Edge Tab Group, Edge Wallet, Encryption Keys}
{"logTime": "0106/223317", "correlationVector":"UFVDyrVfFJTN6gnzeB1Nbw.1","action":"SyncServerConnectionManagerRequest", "result":"SYNC_SERVER_OK", "context":{"environment":"Prod_EastUS2_000e", "migrationStage":"NotStarted", "server":"GENERAL0100001J"}}
{"logTime": "0106/223317", "correlationVector":"UFVDyrVfFJTN6gnzeB1Nbw.2","action":"GetUpdates Response", "result":"Success", "context":Received 0 update(s). cV=UFVDyrVfFJTN6gnzeB1Nbw.0;server=GENERAL0100001J;cloudType=Consumer;environment=Prod_EastUS2_000e;migrationStage=NotStarted}
{"logTime": "0106/223317", "correlationVector":"SUHRFOz0U/vhg9KnRpllBb","action":"Commit Request", "result":"", "context":Item count: 1
Contributing types: Encryption Keys}
{"logTime": "0106/223317", "correlationVector":"SUHRFOz0U/vhg9KnRpllBb.1","action":"SyncServerConnectionManagerRequest", "result":"SYNC_SERVER_OK", "context":{"environment":"Prod_EastUS2_000e", "migrationStage":"NotStarted", "server":"GENERAL01000007"}}
{"logTime": "0106/223317", "correlationVector":"SUHRFOz0U/vhg9KnRpllBb.2","action":"Commit Response", "result":"Success", "context":Result: Success. cV=SUHRFOz0U/vhg9KnRpllBb.0;server=GENERAL01000007;cloudType=Consumer;environment=Prod_EastUS2_000e;migrationStage=NotStarted}
{"logTime": "0106/223317", "correlationVector":"1MOsQ1D+K7lzYl8Ckub4oK","action":"Commit Request", "result":"", "context":Item count: 40
Contributing types: Passwords}
{"logTime": "0106/223319", "correlationVector":"1MOsQ1D+K7lzYl8Ckub4oK.1","action":"SyncServerConnectionManagerRequest", "result":"SYNC_SERVER_OK", "context":{"environment":"Prod_EastUS2_000e", "migrationStage":"NotStarted", "server":"GENERAL01000006"}}
{"logTime": "0106/223319", "correlationVector":"1MOsQ1D+K7lzYl8Ckub4oK.2","action":"Commit Response", "result":"Success", "context":Result: Success. cV=1MOsQ1D+K7lzYl8Ckub4oK.0;server=GENERAL01000006;cloudType=Consumer;environment=Prod_EastUS2_000e;migrationStage=NotStarted}
{"logTime": "0106/223319", "correlationVector":"ezzjFY4dAWWrmyJgDfFtrG","action":"Commit Request", "result":"", "context":Item count: 40
Contributing types: Passwords}
{"logTime": "0106/223321", "correlationVector":"ezzjFY4dAWWrmyJgDfFtrG.1","action":"SyncServerConnectionManagerRequest", "result":"SYNC_SERVER_OK", "context":{"environment":"Prod_EastUS2_000e", "migrationStage":"NotStarted", "server":"GENERAL01000000"}}
{"logTime": "0106/223321", "correlationVector":"ezzjFY4dAWWrmyJgDfFtrG.2","action":"Commit Response", "result":"Success", "context":Result: Success. cV=ezzjFY4dAWWrmyJgDfFtrG.0;server=GENERAL01000000;cloudType=Consumer;environment=Prod_EastUS2_000e;migrationStage=NotStarted}
{"logTime": "0106/223321", "correlationVector":"h/sEEItFJ/07tU+M39Kliu","action":"Commit Request", "result":"", "context":Item count: 40
Contributing types: Passwords, Autofill Profiles, Autofill, Device Info}
{"logTime": "0106/223323", "correlationVector":"h/sEEItFJ/07tU+M39Kliu.1","action":"SyncServerConnectionManagerRequest", "result":"SYNC_SERVER_OK", "context":{"environment":"Prod_EastUS2_000e", "migrationStage":"NotStarted", "server":"GENERAL0100002N"}}
{"logTime": "0106/223323", "correlationVector":"h/sEEItFJ/07tU+M39Kliu.2","action":"Commit Response", "result":"Success", "context":Result: Success. cV=h/sEEItFJ/07tU+M39Kliu.0;server=GENERAL0100002N;cloudType=Consumer;environment=Prod_EastUS2_000e;migrationStage=NotStarted}
{"logTime": "0106/223323", "correlationVector":"lryCU5JX470fw1iTfeDrd2","action":"Commit Request", "result":"", "context":Item count: 17
Contributing types: Autofill, Sessions, User Consents}
{"logTime": "0106/223324", "correlationVector":"lryCU5JX470fw1iTfeDrd2.1","action":"SyncServerConnectionManagerRequest", "result":"SYNC_SERVER_OK", "context":{"environment":"Prod_EastUS2_000e", "migrationStage":"NotStarted", "server":"GENERAL01000019"}}
{"logTime": "0106/223324", "correlationVector":"lryCU5JX470fw1iTfeDrd2.2","action":"Commit Response", "result":"Success", "context":Result: Success. cV=lryCU5JX470fw1iTfeDrd2.0;server=GENERAL01000019;cloudType=Consumer;environment=Prod_EastUS2_000e;migrationStage=NotStarted}
{"logTime": "0106/223354", "correlationVector":"gbl3u0eSqukBM/2pbiHv/a","action":"Commit Request", "result":"", "context":Item count: 1
Contributing types: Preferences}
{"logTime": "0106/223355", "correlationVector":"gbl3u0eSqukBM/2pbiHv/a.1","action":"SyncServerConnectionManagerRequest", "result":"SYNC_SERVER_OK", "context":{"environment":"Prod_EastUS2_000e", "migrationStage":"NotStarted", "server":"GENERAL0100002L"}}
{"logTime": "0106/223355", "correlationVector":"gbl3u0eSqukBM/2pbiHv/a.2","action":"Commit Response", "result":"Success", "context":Result: Success. cV=gbl3u0eSqukBM/2pbiHv/a.0;server=GENERAL0100002L;cloudType=Consumer;environment=Prod_EastUS2_000e;migrationStage=NotStarted}
{"logTime": "0106/223456", "correlationVector":"ORSc8/4HOopXszFjCczbe8","action":"Commit Request", "result":"", "context":Item count: 1
Contributing types: Sessions}
{"logTime": "0106/223456", "correlationVector":"ORSc8/4HOopXszFjCczbe8.1","action":"SyncServerConnectionManagerRequest", "result":"SYNC_SERVER_OK", "context":{"environment":"Prod_EastUS2_000e", "migrationStage":"NotStarted", "server":"GENERAL0100000X"}}
{"logTime": "0106/223456", "correlationVector":"ORSc8/4HOopXszFjCczbe8.2","action":"Commit Response", "result":"Success", "context":Result: Success. cV=ORSc8/4HOopXszFjCczbe8.0;server=GENERAL0100000X;cloudType=Consumer;environment=Prod_EastUS2_000e;migrationStage=NotStarted}
{"logTime": "0106/223810", "correlationVector":"fPBkBQ8wUQPE7xT649DKZv","action":"Normal GetUpdate request", "result":"", "context":cV=fPBkBQ8wUQPE7xT649DKZv
Refresh requested types: Bookmarks, Preferences, Passwords, Autofill Profiles, Autofill, Typed URLs, Extensions, Sessions, Extension settings, History Delete Directives, Device Info, User Consents, Send Tab To Self, Web Apps, Collection, Edge E Drop, Edge Hub App Usage, Edge Tab Group, Edge Wallet, Encryption Keys}
{"logTime": "0106/223811", "correlationVector":"fPBkBQ8wUQPE7xT649DKZv.1","action":"SyncServerConnectionManagerRequest", "result":"SYNC_SERVER_OK", "context":{"environment":"Prod_EastUS2_000e", "migrationStage":"NotStarted", "server":"GENERAL0100001O"}}
{"logTime": "0106/223811", "correlationVector":"fPBkBQ8wUQPE7xT649DKZv.2","action":"GetUpdates Response", "result":"Success", "context":Received 137 update(s). cV=fPBkBQ8wUQPE7xT649DKZv.0;server=GENERAL0100001O;cloudType=Consumer;environment=Prod_EastUS2_000e;migrationStage=NotStarted}
{"logTime": "0106/223811", "correlationVector":"MUmfpflFkwLMuN0LkiEdqH","action":"DoCompareDataConsistency requsted types: ", "result":"Bookmarks, Preferences, Passwords, Typed URLs, Extensions, Extension settings, History Delete Directives, Send Tab To Self, Web Apps, Collection, Edge E Drop, Edge Tab Group, Edge Wallet, Encryption Keys"}
{"logTime": "0106/223811", "correlationVector":"MUmfpflFkwLMuN0LkiEdqH.0","action":"CompareDataConsistency result: ", "result":"Compare result: Encryption Keys is consistent. local entities count is: 1 local entities hash is: FXmjnpwYZ5o5+W7WmY2FmYlpqKk="}
{"logTime": "0106/223811", "correlationVector":"MUmfpflFkwLMuN0LkiEdqH.1","action":"CompareDataConsistency result: ", "result":"Compare result: Bookmarks is consistent. local entities count is: 9 local entities hash is: NYGaQ+58ygTxGzPiiLNJO9YaIM0="}
{"logTime": "0106/223811", "correlationVector":"MUmfpflFkwLMuN0LkiEdqH.2","action":"CompareDataConsistency result: ", "result":"Compare result: Preferences is consistent. local entities count is: 53 local entities hash is: ZWS80Xv/MLT8eqV3dIrM7A9pQUU="}
{"logTime": "0106/223811", "correlationVector":"MUmfpflFkwLMuN0LkiEdqH.3","action":"CompareDataConsistency result: ", "result":"Server did not send this Typed URLs local entities count is: 4 local entities hash is: yTT1c39CS+OIbMgrmjNUYOKk3Ko="}
{"logTime": "0106/223811", "correlationVector":"MUmfpflFkwLMuN0LkiEdqH.4","action":"CompareDataConsistency result: ", "result":"Compare result: Extensions is consistent. local entities count is: 0 local entities hash is: "}
{"logTime": "0106/223811", "correlationVector":"MUmfpflFkwLMuN0LkiEdqH.5","action":"CompareDataConsistency result: ", "result":"Compare result: Extension settings is consistent. local entities count is: 0 local entities hash is: "}
{"logTime": "0106/223811", "correlationVector":"MUmfpflFkwLMuN0LkiEdqH.6","action":"CompareDataConsistency result: ", "result":"Compare result: History Delete Directives is consistent. local entities count is: 0 local entities hash is: "}
{"logTime": "0106/223811", "correlationVector":"MUmfpflFkwLMuN0LkiEdqH.7","action":"CompareDataConsistency result: ", "result":"Server did not send this Send Tab To Self local entities count is: 0 local entities hash is: "}
{"logTime": "0106/223811", "correlationVector":"MUmfpflFkwLMuN0LkiEdqH.8","action":"CompareDataConsistency result: ", "result":"Compare result: Web Apps is consistent. local entities count is: 0 local entities hash is: "}
{"logTime": "0106/223811", "correlationVector":"MUmfpflFkwLMuN0LkiEdqH.9","action":"CompareDataConsistency result: ", "result":"Compare result: Collection is consistent. local entities count is: 0 local entities hash is: "}
{"logTime": "0106/223811", "correlationVector":"MUmfpflFkwLMuN0LkiEdqH.10","action":"CompareDataConsistency result: ", "result":"Compare result: Edge E Drop is consistent. local entities count is: 0 local entities hash is: "}
{"logTime": "0106/223811", "correlationVector":"MUmfpflFkwLMuN0LkiEdqH.11","action":"CompareDataConsistency result: ", "result":"Compare result: Edge Tab Group is consistent. local entities count is: 0 local entities hash is: "}
{"logTime": "0106/223811", "correlationVector":"MUmfpflFkwLMuN0LkiEdqH.12","action":"CompareDataConsistency result: ", "result":"Compare result: Edge Wallet is consistent. local entities count is: 0 local entities hash is: "}
{"logTime": "0106/223811", "correlationVector":"MUmfpflFkwLMuN0LkiEdqH.13","action":"CompareDataConsistency result: ", "result":"Compare result: Passwords is consistent. local entities count is: 106 local entities hash is: jCFBWlkNjfBQ3fzpR/gS+olc0/U="}
{"logTime": "0106/223811", "correlationVector":"","action":"DIAGNOSTIC_REQUEST|v1/diagnosticData/Diagnostic.SendCheckResult()|SUCCESS", "result":""}
{"logTime": "0106/223859", "correlationVector":"vMh699xC1622qHpBpM8WoO","action":"Commit Request", "result":"", "context":Item count: 1
Contributing types: Sessions}
{"logTime": "0106/223859", "correlationVector":"vMh699xC1622qHpBpM8WoO.1","action":"SyncServerConnectionManagerRequest", "result":"SYNC_SERVER_OK", "context":{"environment":"Prod_EastUS2_000e", "migrationStage":"NotStarted", "server":"GENERAL01000014"}}
{"logTime": "0106/223859", "correlationVector":"vMh699xC1622qHpBpM8WoO.2","action":"Commit Response", "result":"Success", "context":Result: Success. cV=vMh699xC1622qHpBpM8WoO.0;server=GENERAL01000014;cloudType=Consumer;environment=Prod_EastUS2_000e;migrationStage=NotStarted}
{"logTime": "0106/223932", "correlationVector":"bdP+udieVXxESMyJm2xacf","action":"Commit Request", "result":"", "context":Item count: 1
Contributing types: Sessions}
{"logTime": "0106/223932", "correlationVector":"bdP+udieVXxESMyJm2xacf.1","action":"SyncServerConnectionManagerRequest", "result":"SYNC_SERVER_OK", "context":{"environment":"Prod_EastUS2_000e", "migrationStage":"NotStarted", "server":"GENERAL0100002W"}}
{"logTime": "0106/223932", "correlationVector":"bdP+udieVXxESMyJm2xacf.2","action":"Commit Response", "result":"Success", "context":Result: Success. cV=bdP+udieVXxESMyJm2xacf.0;server=GENERAL0100002W;cloudType=Consumer;environment=Prod_EastUS2_000e;migrationStage=NotStarted}
{"logTime": "0106/224038", "correlationVector":"cV9Wei8u4F4TEkwUlguaQ2","action":"Commit Request", "result":"", "context":Item count: 1
Contributing types: Sessions}
{"logTime": "0106/224039", "correlationVector":"cV9Wei8u4F4TEkwUlguaQ2.1","action":"SyncServerConnectionManagerRequest", "result":"SYNC_SERVER_OK", "context":{"environment":"Prod_EastUS2_000e", "migrationStage":"NotStarted", "server":"GENERAL0100001H"}}
{"logTime": "0106/224039", "correlationVector":"cV9Wei8u4F4TEkwUlguaQ2.2","action":"Commit Response", "result":"Success", "context":Result: Success. cV=cV9Wei8u4F4TEkwUlguaQ2.0;server=GENERAL0100001H;cloudType=Consumer;environment=Prod_EastUS2_000e;migrationStage=NotStarted}
{"logTime": "0106/224223", "correlationVector":"YLXxADQo2yyN5odbhQ7ZRp","action":"Commit Request", "result":"", "context":Item count: 1
Contributing types: Sessions}
{"logTime": "0106/224224", "correlationVector":"YLXxADQo2yyN5odbhQ7ZRp.1","action":"SyncServerConnectionManagerRequest", "result":"SYNC_SERVER_OK", "context":{"environment":"Prod_EastUS2_000e", "migrationStage":"NotStarted", "server":"GENERAL0100001Y"}}
{"logTime": "0106/224224", "correlationVector":"YLXxADQo2yyN5odbhQ7ZRp.2","action":"Commit Response", "result":"Success", "context":Result: Success. cV=YLXxADQo2yyN5odbhQ7ZRp.0;server=GENERAL0100001Y;cloudType=Consumer;environment=Prod_EastUS2_000e;migrationStage=NotStarted}
{"logTime": "0106/224627", "correlationVector":"ZxcoQCSMULP90JSMOkmLGx","action":"Commit Request", "result":"", "context":Item count: 1
Contributing types: Sessions}
{"logTime": "0106/224627", "correlationVector":"ZxcoQCSMULP90JSMOkmLGx.1","action":"SyncServerConnectionManagerRequest", "result":"SYNC_SERVER_OK", "context":{"environment":"Prod_EastUS2_000e", "migrationStage":"NotStarted", "server":"GENERAL0100001U"}}
{"logTime": "0106/224627", "correlationVector":"ZxcoQCSMULP90JSMOkmLGx.2","action":"Commit Response", "result":"Success", "context":Result: Success. cV=ZxcoQCSMULP90JSMOkmLGx.0;server=GENERAL0100001U;cloudType=Consumer;environment=Prod_EastUS2_000e;migrationStage=NotStarted}
{"logTime": "0106/224953", "correlationVector":"2RPZMHeisKk8RsgtQYLeiF","action":"Commit Request", "result":"", "context":Item count: 1
Contributing types: Sessions}
{"logTime": "0106/224954", "correlationVector":"2RPZMHeisKk8RsgtQYLeiF.1","action":"SyncServerConnectionManagerRequest", "result":"SYNC_SERVER_OK", "context":{"environment":"Prod_EastUS2_000e", "migrationStage":"NotStarted", "server":"GENERAL0100000T"}}
{"logTime": "0106/224954", "correlationVector":"2RPZMHeisKk8RsgtQYLeiF.2","action":"Commit Response", "result":"Success", "context":Result: Success. cV=2RPZMHeisKk8RsgtQYLeiF.0;server=GENERAL0100000T;cloudType=Consumer;environment=Prod_EastUS2_000e;migrationStage=NotStarted}
{"logTime": "0106/225526", "correlationVector":"AuKj1hP/nBJQBEjfwlKtCI","action":"Commit Request", "result":"", "context":Item count: 1
Contributing types: Sessions}
{"logTime": "0106/225526", "correlationVector":"AuKj1hP/nBJQBEjfwlKtCI.1","action":"SyncServerConnectionManagerRequest", "result":"SYNC_SERVER_OK", "context":{"environment":"Prod_EastUS2_000e", "migrationStage":"NotStarted", "server":"GENERAL0100001W"}}
{"logTime": "0106/225526", "correlationVector":"AuKj1hP/nBJQBEjfwlKtCI.2","action":"Commit Response", "result":"Success", "context":Result: Success. cV=AuKj1hP/nBJQBEjfwlKtCI.0;server=GENERAL0100001W;cloudType=Consumer;environment=Prod_EastUS2_000e;migrationStage=NotStarted}
{"logTime": "0106/225909", "correlationVector":"gPJR+6ic1WYERWW6n09UHX","action":"Commit Request", "result":"", "context":Item count: 1
Contributing types: Sessions}
{"logTime": "0106/225910", "correlationVector":"gPJR+6ic1WYERWW6n09UHX.1","action":"SyncServerConnectionManagerRequest", "result":"SYNC_SERVER_OK", "context":{"environment":"Prod_EastUS2_000e", "migrationStage":"NotStarted", "server":"GENERAL0100000Y"}}
{"logTime": "0106/225910", "correlationVector":"gPJR+6ic1WYERWW6n09UHX.2","action":"Commit Response", "result":"Success", "context":Result: Success. cV=gPJR+6ic1WYERWW6n09UHX.0;server=GENERAL0100000Y;cloudType=Consumer;environment=Prod_EastUS2_000e;migrationStage=NotStarted}
{"logTime": "0106/225957", "correlationVector":"cVYMNyZffFWvVrxBystyP2","action":"Commit Request", "result":"", "context":Item count: 1
Contributing types: Sessions}
{"logTime": "0106/225958", "correlationVector":"cVYMNyZffFWvVrxBystyP2.1","action":"SyncServerConnectionManagerRequest", "result":"SYNC_SERVER_OK", "context":{"environment":"Prod_EastUS2_000e", "migrationStage":"NotStarted", "server":"GENERAL0100000Y"}}
{"logTime": "0106/225958", "correlationVector":"cVYMNyZffFWvVrxBystyP2.2","action":"Commit Response", "result":"Success", "context":Result: Success. cV=cVYMNyZffFWvVrxBystyP2.0;server=GENERAL0100000Y;cloudType=Consumer;environment=Prod_EastUS2_000e;migrationStage=NotStarted}
{"logTime": "0106/230058", "correlationVector":"WA8RlSQse1ZfYh4Rcf8zAw","action":"Commit Request", "result":"", "context":Item count: 1
Contributing types: Sessions}
{"logTime": "0106/230058", "correlationVector":"WA8RlSQse1ZfYh4Rcf8zAw.1","action":"SyncServerConnectionManagerRequest", "result":"SYNC_SERVER_OK", "context":{"environment":"Prod_EastUS2_000e", "migrationStage":"NotStarted", "server":"GENERAL01000016"}}
{"logTime": "0106/230058", "correlationVector":"WA8RlSQse1ZfYh4Rcf8zAw.2","action":"Commit Response", "result":"Success", "context":Result: Success. cV=WA8RlSQse1ZfYh4Rcf8zAw.0;server=GENERAL01000016;cloudType=Consumer;environment=Prod_EastUS2_000e;migrationStage=NotStarted}
{"logTime": "0106/230136", "correlationVector":"EEdzC76MbP9IqCqNtkyTTD","action":"Commit Request", "result":"", "context":Item count: 1
Contributing types: Sessions}
{"logTime": "0106/230137", "correlationVector":"EEdzC76MbP9IqCqNtkyTTD.1","action":"SyncServerConnectionManagerRequest", "result":"SYNC_SERVER_OK", "context":{"environment":"Prod_EastUS2_000e", "migrationStage":"NotStarted", "server":"GENERAL01000004"}}
{"logTime": "0106/230137", "correlationVector":"EEdzC76MbP9IqCqNtkyTTD.2","action":"Commit Response", "result":"Success", "context":Result: Success. cV=EEdzC76MbP9IqCqNtkyTTD.0;server=GENERAL01000004;cloudType=Consumer;environment=Prod_EastUS2_000e;migrationStage=NotStarted}
{"logTime": "0106/230347", "correlationVector":"OfI7eVShWMX6FXSA6JyHi7","action":"Commit Request", "result":"", "context":Item count: 1
Contributing types: Sessions}
{"logTime": "0106/230348", "correlationVector":"OfI7eVShWMX6FXSA6JyHi7.1","action":"SyncServerConnectionManagerRequest", "result":"SYNC_SERVER_OK", "context":{"environment":"Prod_EastUS2_000e", "migrationStage":"NotStarted", "server":"GENERAL0100000P"}}
{"logTime": "0106/230348", "correlationVector":"OfI7eVShWMX6FXSA6JyHi7.2","action":"Commit Response", "result":"Success", "context":Result: Success. cV=OfI7eVShWMX6FXSA6JyHi7.0;server=GENERAL0100000P;cloudType=Consumer;environment=Prod_EastUS2_000e;migrationStage=NotStarted}
{"logTime": "0106/230441", "correlationVector":"rBnGWYQh++rKJLkaX/0nWY","action":"Commit Request", "result":"", "context":Item count: 1
Contributing types: Sessions}
{"logTime": "0106/230441", "correlationVector":"rBnGWYQh++rKJLkaX/0nWY.1","action":"SyncServerConnectionManagerRequest", "result":"SYNC_SERVER_OK", "context":{"environment":"Prod_EastUS2_000e", "migrationStage":"NotStarted", "server":"GENERAL0100002P"}}
{"logTime": "0106/230441", "correlationVector":"rBnGWYQh++rKJLkaX/0nWY.2","action":"Commit Response", "result":"Success", "context":Result: Success. cV=rBnGWYQh++rKJLkaX/0nWY.0;server=GENERAL0100002P;cloudType=Consumer;environment=Prod_EastUS2_000e;migrationStage=NotStarted}
{"logTime": "0106/230803", "correlationVector":"f2OXHAUBTGq/e+Pj1cYxRC.1","action":"SyncServerConnectionManagerRequest", "result":"SYNC_SERVER_OK", "context":{"environment":"Prod_EastUS2_000e", "migrationStage":"NotStarted", "server":"GENERAL0100001G"}}
{"logTime": "0106/230804", "correlationVector":"OWscStFegKyDNHE96VEdS/","action":"SyncServerConnectionManagerRequest", "result":"SYNC_SERVER_OK", "context":{"environment":"", "migrationStage":"", "server":""}}
{"logTime": "0106/230804", "correlationVector":"f2OXHAUBTGq/e+Pj1cYxRC","action":"Initial GetUpdates", "result":"", "context":Reason: NEW_CLIENT. cV=f2OXHAUBTGq/e+Pj1cYxRC}
{"logTime": "0106/230804", "correlationVector":"f2OXHAUBTGq/e+Pj1cYxRC.2","action":"GetUpdates Response", "result":"Success", "context":Received 1 update(s). cV=f2OXHAUBTGq/e+Pj1cYxRC.0;server=GENERAL0100001G;cloudType=Consumer;environment=Prod_EastUS2_000e;migrationStage=NotStarted}
{"logTime": "0106/230804", "correlationVector":"Rw0kylC9l+pB4o3GBEMpJQ","action":"Initial GetUpdates", "result":"", "context":Reason: NEWLY_SUPPORTED_DATATYPE. cV=Rw0kylC9l+pB4o3GBEMpJQ}
{"logTime": "0106/230804", "correlationVector":"Rw0kylC9l+pB4o3GBEMpJQ.1","action":"SyncServerConnectionManagerRequest", "result":"SYNC_SERVER_OK", "context":{"environment":"Prod_EastUS2_000e", "migrationStage":"NotStarted", "server":"GENERAL01000008"}}
{"logTime": "0106/230804", "correlationVector":"Rw0kylC9l+pB4o3GBEMpJQ.2","action":"GetUpdates Response", "result":"Success", "context":Received 106 update(s). cV=Rw0kylC9l+pB4o3GBEMpJQ.0;server=GENERAL01000008;cloudType=Consumer;environment=Prod_EastUS2_000e;migrationStage=NotStarted}
{"logTime": "0106/230804", "correlationVector":"LfXvwQD06UdOYjiHgPlXdU","action":"Initial GetUpdates", "result":"", "context":Reason: NEWLY_SUPPORTED_DATATYPE. cV=LfXvwQD06UdOYjiHgPlXdU}
{"logTime": "0106/230804", "correlationVector":"LfXvwQD06UdOYjiHgPlXdU.1","action":"SyncServerConnectionManagerRequest", "result":"SYNC_SERVER_OK", "context":{"environment":"Prod_EastUS2_000e", "migrationStage":"NotStarted", "server":"GENERAL0100001Y"}}
{"logTime": "0106/230804", "correlationVector":"LfXvwQD06UdOYjiHgPlXdU.2","action":"GetUpdates Response", "result":"Success", "context":Received 0 update(s). cV=LfXvwQD06UdOYjiHgPlXdU.0;server=GENERAL0100001Y;cloudType=Consumer;environment=Prod_EastUS2_000e;migrationStage=NotStarted}
{"logTime": "0106/230804", "correlationVector":"ANNhG4JrUcV0zyA9M1W10A","action":"Normal GetUpdate request", "result":"", "context":cV=ANNhG4JrUcV0zyA9M1W10A
Nudged types: Preferences, Sessions, Device Info
Refresh requested types: Bookmarks, Preferences, Passwords, Autofill Profiles, Autofill, Typed URLs, Extensions, Sessions, Extension settings, History Delete Directives, Device Info, User Consents, Send Tab To Self, Web Apps, History, Collection, Edge E Drop, Edge Hub App Usage, Edge Tab Group, Edge Wallet, Encryption Keys}
{"logTime": "0106/230805", "correlationVector":"ANNhG4JrUcV0zyA9M1W10A.1","action":"SyncServerConnectionManagerRequest", "result":"SYNC_SERVER_OK", "context":{"environment":"Prod_EastUS2_000e", "migrationStage":"NotStarted", "server":"GENERAL01000004"}}
{"logTime": "0106/230805", "correlationVector":"ANNhG4JrUcV0zyA9M1W10A.2","action":"GetUpdates Response", "result":"Success", "context":Received 1 update(s). cV=ANNhG4JrUcV0zyA9M1W10A.0;server=GENERAL01000004;cloudType=Consumer;environment=Prod_EastUS2_000e;migrationStage=NotStarted}
{"logTime": "0106/230806", "correlationVector":"bPrhyWkga7ewjRt9RwB4/m","action":"Commit Request", "result":"", "context":Item count: 5
Contributing types: Preferences, Sessions, Device Info}
{"logTime": "0106/230807", "correlationVector":"bPrhyWkga7ewjRt9RwB4/m.1","action":"SyncServerConnectionManagerRequest", "result":"SYNC_SERVER_OK", "context":{"environment":"Prod_EastUS2_000e", "migrationStage":"NotStarted", "server":"GENERAL0100000A"}}
{"logTime": "0106/230807", "correlationVector":"bPrhyWkga7ewjRt9RwB4/m.2","action":"Commit Response", "result":"Success", "context":Result: Success. cV=bPrhyWkga7ewjRt9RwB4/m.0;server=GENERAL0100000A;cloudType=Consumer;environment=Prod_EastUS2_000e;migrationStage=NotStarted}
{"logTime": "0106/230816", "correlationVector":"KHHS+lvdbOkFNf7PswHR7e","action":"Commit Request", "result":"", "context":Item count: 9
Contributing types: Sessions, History, Edge Hub App Usage}
{"logTime": "0106/230817", "correlationVector":"KHHS+lvdbOkFNf7PswHR7e.1","action":"SyncServerConnectionManagerRequest", "result":"SYNC_SERVER_OK", "context":{"environment":"Prod_EastUS2_000e", "migrationStage":"NotStarted", "server":"GENERAL0100002J"}}
{"logTime": "0106/230817", "correlationVector":"KHHS+lvdbOkFNf7PswHR7e.3","action":"Commit.Sessions", "result":"Success", "context":{"id":"d630203a-85d2-478e-8c07-2c4c1c0583db", "isDeleted":"true", "size":"0", "version":"1736204887099"}}
{"logTime": "0106/230817", "correlationVector":"KHHS+lvdbOkFNf7PswHR7e.2","action":"Commit Response", "result":"Success", "context":Result: Success. cV=KHHS+lvdbOkFNf7PswHR7e.0;server=GENERAL0100002J;cloudType=Consumer;environment=Prod_EastUS2_000e;migrationStage=NotStarted}
{"logTime": "0106/230843", "correlationVector":"pULwC1NtFHyTFuW/B716Vn","action":"Commit Request", "result":"", "context":Item count: 7
Contributing types: Preferences, Sessions, History}
{"logTime": "0106/230844", "correlationVector":"pULwC1NtFHyTFuW/B716Vn.1","action":"SyncServerConnectionManagerRequest", "result":"SYNC_SERVER_OK", "context":{"environment":"Prod_EastUS2_000e", "migrationStage":"NotStarted", "server":"GENERAL0100001Q"}}
{"logTime": "0106/230844", "correlationVector":"pULwC1NtFHyTFuW/B716Vn.2","action":"Commit Response", "result":"Success", "context":Result: Success. cV=pULwC1NtFHyTFuW/B716Vn.0;server=GENERAL0100001Q;cloudType=Consumer;environment=Prod_EastUS2_000e;migrationStage=NotStarted}
{"logTime": "0106/230942", "correlationVector":"gke2AfwzU9oLbe0jzdDAYA","action":"Commit Request", "result":"", "context":Item count: 7
Contributing types: Sessions, History}
{"logTime": "0106/230942", "correlationVector":"gke2AfwzU9oLbe0jzdDAYA.1","action":"SyncServerConnectionManagerRequest", "result":"SYNC_SERVER_OK", "context":{"environment":"Prod_EastUS2_000e", "migrationStage":"NotStarted", "server":"GENERAL01000018"}}
{"logTime": "0106/230942", "correlationVector":"gke2AfwzU9oLbe0jzdDAYA.2","action":"Commit Response", "result":"Success", "context":Result: Success. cV=gke2AfwzU9oLbe0jzdDAYA.0;server=GENERAL01000018;cloudType=Consumer;environment=Prod_EastUS2_000e;migrationStage=NotStarted}
{"logTime": "0106/231302", "correlationVector":"IcKvGxLqoo0XFLNSYndoEZ","action":"Normal GetUpdate request", "result":"", "context":cV=IcKvGxLqoo0XFLNSYndoEZ
Refresh requested types: Bookmarks, Preferences, Passwords, Autofill Profiles, Autofill, Typed URLs, Extensions, Sessions, Extension settings, History Delete Directives, Device Info, User Consents, Send Tab To Self, Web Apps, History, Collection, Edge E Drop, Edge Hub App Usage, Edge Tab Group, Edge Wallet, Encryption Keys}
{"logTime": "0106/231303", "correlationVector":"IcKvGxLqoo0XFLNSYndoEZ.1","action":"SyncServerConnectionManagerRequest", "result":"SYNC_SERVER_OK", "context":{"environment":"Prod_EastUS2_000e", "migrationStage":"NotStarted", "server":"GENERAL0100001V"}}
{"logTime": "0106/231303", "correlationVector":"IcKvGxLqoo0XFLNSYndoEZ.2","action":"GetUpdates", "result":"DeleteReceived", "context":{"id":"d630203a-85d2-478e-8c07-2c4c1c0583db", "isDeleted:":"true", "version":"1736204896597"}}
{"logTime": "0106/231303", "correlationVector":"IcKvGxLqoo0XFLNSYndoEZ.3","action":"GetUpdates Response", "result":"Success", "context":Received 22 update(s). cV=IcKvGxLqoo0XFLNSYndoEZ.0;server=GENERAL0100001V;cloudType=Consumer;environment=Prod_EastUS2_000e;migrationStage=NotStarted}
{"logTime": "0106/234310", "correlationVector":"U9zfqp8CndVO6HEDq5zEui.1","action":"SyncServerConnectionManagerRequest", "result":"SYNC_SERVER_OK", "context":{"environment":"Prod_EastUS2_000e", "migrationStage":"NotStarted", "server":"GENERAL0100002G"}}
{"logTime": "0106/234311", "correlationVector":"e+KHHMeu76pRbDgRtyEc1T","action":"SyncServerConnectionManagerRequest", "result":"SYNC_SERVER_OK", "context":{"environment":"", "migrationStage":"", "server":""}}
{"logTime": "0106/234311", "correlationVector":"U9zfqp8CndVO6HEDq5zEui","action":"Initial GetUpdates", "result":"", "context":Reason: NEW_CLIENT. cV=U9zfqp8CndVO6HEDq5zEui}
{"logTime": "0106/234311", "correlationVector":"U9zfqp8CndVO6HEDq5zEui.2","action":"GetUpdates Response", "result":"Success", "context":Received 1 update(s). cV=U9zfqp8CndVO6HEDq5zEui.0;server=GENERAL0100002G;cloudType=Consumer;environment=Prod_EastUS2_000e;migrationStage=NotStarted}
{"logTime": "0106/234311", "correlationVector":"JcCvULLQ1x+Q74bJS0J0JQ","action":"Initial GetUpdates", "result":"", "context":Reason: NEWLY_SUPPORTED_DATATYPE. cV=JcCvULLQ1x+Q74bJS0J0JQ}
{"logTime": "0106/234312", "correlationVector":"JcCvULLQ1x+Q74bJS0J0JQ.1","action":"SyncServerConnectionManagerRequest", "result":"SYNC_SERVER_OK", "context":{"environment":"Prod_EastUS2_000e", "migrationStage":"NotStarted", "server":"GENERAL01000026"}}
{"logTime": "0106/234312", "correlationVector":"JcCvULLQ1x+Q74bJS0J0JQ.2","action":"GetUpdates Response", "result":"Success", "context":Received 106 update(s). cV=JcCvULLQ1x+Q74bJS0J0JQ.0;server=GENERAL01000026;cloudType=Consumer;environment=Prod_EastUS2_000e;migrationStage=NotStarted}
{"logTime": "0106/234312", "correlationVector":"pGUkpIhD4au3jKekCubS+i","action":"Normal GetUpdate request", "result":"", "context":cV=pGUkpIhD4au3jKekCubS+i
Nudged types: Sessions, Device Info, History
Refresh requested types: Bookmarks, Preferences, Passwords, Autofill Profiles, Autofill, Extensions, Sessions, Extension settings, History Delete Directives, Device Info, User Consents, Send Tab To Self, Web Apps, History, Collection, Edge E Drop, Edge Hub App Usage, Edge Tab Group, Edge Wallet, Encryption Keys}
{"logTime": "0106/234312", "correlationVector":"pGUkpIhD4au3jKekCubS+i.1","action":"SyncServerConnectionManagerRequest", "result":"SYNC_SERVER_OK", "context":{"environment":"Prod_EastUS2_000e", "migrationStage":"NotStarted", "server":"GENERAL0100001F"}}
{"logTime": "0106/234312", "correlationVector":"pGUkpIhD4au3jKekCubS+i.2","action":"GetUpdates Response", "result":"Success", "context":Received 0 update(s). cV=pGUkpIhD4au3jKekCubS+i.0;server=GENERAL0100001F;cloudType=Consumer;environment=Prod_EastUS2_000e;migrationStage=NotStarted}
{"logTime": "0106/234312", "correlationVector":"TDWuZEbrl+pom4ExSXAYg4","action":"Commit Request", "result":"", "context":Item count: 5
Contributing types: Sessions, Device Info, History}
{"logTime": "0106/234313", "correlationVector":"TDWuZEbrl+pom4ExSXAYg4.1","action":"SyncServerConnectionManagerRequest", "result":"SYNC_SERVER_OK", "context":{"environment":"Prod_EastUS2_000e", "migrationStage":"NotStarted", "server":"GENERAL0100000N"}}
{"logTime": "0106/234313", "correlationVector":"TDWuZEbrl+pom4ExSXAYg4.3","action":"Commit.Sessions", "result":"Success", "context":{"id":"149e5e21-ddf0-4719-818a-0d89e4ebd476", "isDeleted":"true", "size":"0", "version":"1736204982523"}}
{"logTime": "0106/234313", "correlationVector":"TDWuZEbrl+pom4ExSXAYg4.2","action":"Commit Response", "result":"Success", "context":Result: Success. cV=TDWuZEbrl+pom4ExSXAYg4.0;server=GENERAL0100000N;cloudType=Consumer;environment=Prod_EastUS2_000e;migrationStage=NotStarted}
{"logTime": "0106/234349", "correlationVector":"WCexxZS1LvilvI8xwdtCMM","action":"Commit Request", "result":"", "context":Item count: 7
Contributing types: Sessions, History}
{"logTime": "0106/234349", "correlationVector":"WCexxZS1LvilvI8xwdtCMM.1","action":"SyncServerConnectionManagerRequest", "result":"SYNC_SERVER_OK", "context":{"environment":"Prod_EastUS2_000e", "migrationStage":"NotStarted", "server":"GENERAL0100001K"}}
{"logTime": "0106/234349", "correlationVector":"WCexxZS1LvilvI8xwdtCMM.2","action":"Commit Response", "result":"Success", "context":Result: Success. cV=WCexxZS1LvilvI8xwdtCMM.0;server=GENERAL0100001K;cloudType=Consumer;environment=Prod_EastUS2_000e;migrationStage=NotStarted}
{"logTime": "0106/234355", "correlationVector":"nRrGltbBW5I/hCScXYp5XU","action":"Commit Request", "result":"", "context":Item count: 1
Contributing types: Preferences}
{"logTime": "0106/234355", "correlationVector":"nRrGltbBW5I/hCScXYp5XU.1","action":"SyncServerConnectionManagerRequest", "result":"SYNC_SERVER_OK", "context":{"environment":"Prod_EastUS2_000e", "migrationStage":"NotStarted", "server":"GENERAL0100000Q"}}
{"logTime": "0106/234355", "correlationVector":"nRrGltbBW5I/hCScXYp5XU.2","action":"Commit Response", "result":"Success", "context":Result: Success. cV=nRrGltbBW5I/hCScXYp5XU.0;server=GENERAL0100000Q;cloudType=Consumer;environment=Prod_EastUS2_000e;migrationStage=NotStarted}
{"logTime": "0106/234608", "correlationVector":"4aeGDDvQGs74suDou55MfY","action":"Commit Request", "result":"", "context":Item count: 3
Contributing types: Sessions, History}
{"logTime": "0106/234608", "correlationVector":"4aeGDDvQGs74suDou55MfY.1","action":"SyncServerConnectionManagerRequest", "result":"SYNC_SERVER_OK", "context":{"environment":"Prod_EastUS2_000e", "migrationStage":"NotStarted", "server":"GENERAL01000004"}}
{"logTime": "0106/234608", "correlationVector":"4aeGDDvQGs74suDou55MfY.2","action":"Commit Response", "result":"Success", "context":Result: Success. cV=4aeGDDvQGs74suDou55MfY.0;server=GENERAL01000004;cloudType=Consumer;environment=Prod_EastUS2_000e;migrationStage=NotStarted}
{"logTime": "0106/234809", "correlationVector":"XiDFxnRc33u83TB3HDGSUd","action":"Normal GetUpdate request", "result":"", "context":cV=XiDFxnRc33u83TB3HDGSUd
Nudged types: Sessions, History
Refresh requested types: Bookmarks, Preferences, Passwords, Autofill Profiles, Autofill, Extensions, Sessions, Extension settings, History Delete Directives, Device Info, User Consents, Send Tab To Self, Web Apps, History, Collection, Edge E Drop, Edge Hub App Usage, Edge Tab Group, Edge Wallet, Encryption Keys}
{"logTime": "0106/234810", "correlationVector":"XiDFxnRc33u83TB3HDGSUd.1","action":"SyncServerConnectionManagerRequest", "result":"SYNC_SERVER_OK", "context":{"environment":"Prod_EastUS2_000e", "migrationStage":"NotStarted", "server":"GENERAL0100000R"}}
{"logTime": "0106/234810", "correlationVector":"XiDFxnRc33u83TB3HDGSUd.2","action":"GetUpdates", "result":"DeleteReceived", "context":{"id":"149e5e21-ddf0-4719-818a-0d89e4ebd476", "isDeleted:":"true", "version":"1736206994181"}}
{"logTime": "0106/234810", "correlationVector":"XiDFxnRc33u83TB3HDGSUd.3","action":"GetUpdates Response", "result":"Success", "context":Received 13 update(s). cV=XiDFxnRc33u83TB3HDGSUd.0;server=GENERAL0100000R;cloudType=Consumer;environment=Prod_EastUS2_000e;migrationStage=NotStarted}
{"logTime": "0106/234810", "correlationVector":"bxtZjIr7L/h1bQBWKf5eTR","action":"Commit Request", "result":"", "context":Item count: 3
Contributing types: Sessions, History}
{"logTime": "0106/234810", "correlationVector":"bxtZjIr7L/h1bQBWKf5eTR.1","action":"SyncServerConnectionManagerRequest", "result":"SYNC_SERVER_OK", "context":{"environment":"Prod_EastUS2_000e", "migrationStage":"NotStarted", "server":"GENERAL01000011"}}
{"logTime": "0106/234810", "correlationVector":"bxtZjIr7L/h1bQBWKf5eTR.2","action":"Commit Response", "result":"Success", "context":Result: Success. cV=bxtZjIr7L/h1bQBWKf5eTR.0;server=GENERAL01000011;cloudType=Consumer;environment=Prod_EastUS2_000e;migrationStage=NotStarted}
{"logTime": "0106/234840", "correlationVector":"42F/ZLCFgheiVEbM8yvEMh","action":"Commit Request", "result":"", "context":Item count: 4
Contributing types: Sessions, History}
{"logTime": "0106/234841", "correlationVector":"42F/ZLCFgheiVEbM8yvEMh.1","action":"SyncServerConnectionManagerRequest", "result":"SYNC_SERVER_OK", "context":{"environment":"Prod_EastUS2_000e", "migrationStage":"NotStarted", "server":"GENERAL0100002B"}}
{"logTime": "0106/234841", "correlationVector":"42F/ZLCFgheiVEbM8yvEMh.2","action":"Commit Response", "result":"Success", "context":Result: Success. cV=42F/ZLCFgheiVEbM8yvEMh.0;server=GENERAL0100002B;cloudType=Consumer;environment=Prod_EastUS2_000e;migrationStage=NotStarted}
{"logTime": "0106/234934", "correlationVector":"wU/P9+tN3GJlvmQFSOgd0G","action":"Commit Request", "result":"", "context":Item count: 4
Contributing types: Sessions, History}
{"logTime": "0106/234935", "correlationVector":"wU/P9+tN3GJlvmQFSOgd0G.1","action":"SyncServerConnectionManagerRequest", "result":"SYNC_SERVER_OK", "context":{"environment":"Prod_EastUS2_000e", "migrationStage":"NotStarted", "server":"GENERAL01000022"}}
{"logTime": "0106/234935", "correlationVector":"wU/P9+tN3GJlvmQFSOgd0G.2","action":"Commit Response", "result":"Success", "context":Result: Success. cV=wU/P9+tN3GJlvmQFSOgd0G.0;server=GENERAL01000022;cloudType=Consumer;environment=Prod_EastUS2_000e;migrationStage=NotStarted}
{"logTime": "0106/235146", "correlationVector":"Hgx4dclvd4ljiS4nVKVCXZ","action":"Commit Request", "result":"", "context":Item count: 4
Contributing types: Sessions, History}
{"logTime": "0106/235147", "correlationVector":"Hgx4dclvd4ljiS4nVKVCXZ.1","action":"SyncServerConnectionManagerRequest", "result":"SYNC_SERVER_OK", "context":{"environment":"Prod_EastUS2_000e", "migrationStage":"NotStarted", "server":"GENERAL01000019"}}
{"logTime": "0106/235147", "correlationVector":"Hgx4dclvd4ljiS4nVKVCXZ.2","action":"Commit Response", "result":"Success", "context":Result: Success. cV=Hgx4dclvd4ljiS4nVKVCXZ.0;server=GENERAL01000019;cloudType=Consumer;environment=Prod_EastUS2_000e;migrationStage=NotStarted}
{"logTime": "0106/235513", "correlationVector":"PV03ABY6rK2unqDwfpXox5","action":"Commit Request", "result":"", "context":Item count: 1
Contributing types: Sessions}
{"logTime": "0106/235513", "correlationVector":"PV03ABY6rK2unqDwfpXox5.1","action":"SyncServerConnectionManagerRequest", "result":"SYNC_SERVER_OK", "context":{"environment":"Prod_EastUS2_000e", "migrationStage":"NotStarted", "server":"GENERAL0100000Y"}}
{"logTime": "0106/235513", "correlationVector":"PV03ABY6rK2unqDwfpXox5.2","action":"Commit Response", "result":"Success", "context":Result: Success. cV=PV03ABY6rK2unqDwfpXox5.0;server=GENERAL0100000Y;cloudType=Consumer;environment=Prod_EastUS2_000e;migrationStage=NotStarted}
{"logTime": "0106/235558", "correlationVector":"ieqAJl1u/wjs1pRILWDiDK","action":"Commit Request", "result":"", "context":Item count: 4
Contributing types: Sessions, History}
{"logTime": "0106/235559", "correlationVector":"ieqAJl1u/wjs1pRILWDiDK.1","action":"SyncServerConnectionManagerRequest", "result":"SYNC_SERVER_OK", "context":{"environment":"Prod_EastUS2_000e", "migrationStage":"NotStarted", "server":"GENERAL0100002C"}}
{"logTime": "0106/235559", "correlationVector":"ieqAJl1u/wjs1pRILWDiDK.2","action":"Commit Response", "result":"Success", "context":Result: Success. cV=ieqAJl1u/wjs1pRILWDiDK.0;server=GENERAL0100002C;cloudType=Consumer;environment=Prod_EastUS2_000e;migrationStage=NotStarted}
{"logTime": "0106/235633", "correlationVector":"FTL48teCI7EXii8e3e7Et+","action":"Commit Request", "result":"", "context":Item count: 3
Contributing types: Sessions, History}
{"logTime": "0106/235635", "correlationVector":"FTL48teCI7EXii8e3e7Et+.1","action":"SyncServerConnectionManagerRequest", "result":"SYNC_SERVER_OK", "context":{"environment":"Prod_EastUS2_000e", "migrationStage":"NotStarted", "server":"GENERAL0100002B"}}
{"logTime": "0106/235635", "correlationVector":"FTL48teCI7EXii8e3e7Et+.2","action":"Commit Response", "result":"Success", "context":Result: Success. cV=FTL48teCI7EXii8e3e7Et+.0;server=GENERAL0100002B;cloudType=Consumer;environment=Prod_EastUS2_000e;migrationStage=NotStarted}
{"logTime": "0107/000012", "correlationVector":"3Hp7F2tFnlAry+7vaLsbP2","action":"Commit Request", "result":"", "context":Item count: 4
Contributing types: Sessions, History}
{"logTime": "0107/000013", "correlationVector":"3Hp7F2tFnlAry+7vaLsbP2.1","action":"SyncServerConnectionManagerRequest", "result":"SYNC_SERVER_OK", "context":{"environment":"Prod_EastUS2_000e", "migrationStage":"NotStarted", "server":"GENERAL01000016"}}
{"logTime": "0107/000013", "correlationVector":"3Hp7F2tFnlAry+7vaLsbP2.2","action":"Commit Response", "result":"Success", "context":Result: Success. cV=3Hp7F2tFnlAry+7vaLsbP2.0;server=GENERAL01000016;cloudType=Consumer;environment=Prod_EastUS2_000e;migrationStage=NotStarted}
{"logTime": "0107/000108", "correlationVector":"ObQg42Mm+frSSJRLvAkUvQ","action":"Commit Request", "result":"", "context":Item count: 5
Contributing types: Sessions, History}
{"logTime": "0107/000109", "correlationVector":"ObQg42Mm+frSSJRLvAkUvQ.1","action":"SyncServerConnectionManagerRequest", "result":"SYNC_SERVER_OK", "context":{"environment":"Prod_EastUS2_000e", "migrationStage":"NotStarted", "server":"GENERAL0100000N"}}
{"logTime": "0107/000109", "correlationVector":"ObQg42Mm+frSSJRLvAkUvQ.2","action":"Commit Response", "result":"Success", "context":Result: Success. cV=ObQg42Mm+frSSJRLvAkUvQ.0;server=GENERAL0100000N;cloudType=Consumer;environment=Prod_EastUS2_000e;migrationStage=NotStarted}
{"logTime": "0107/000851", "correlationVector":"9e6Fm9rDBtRC2imgFGcnHa","action":"Commit Request", "result":"", "context":Item count: 5
Contributing types: Sessions, History}
{"logTime": "0107/000852", "correlationVector":"9e6Fm9rDBtRC2imgFGcnHa","action":"SyncServerConnectionManagerRequest", "result":"CONNECTION_UNAVAILABLE", "context":{"error_type":"net_error_code", "error_value":"-106"}}
{"logTime": "0107/000852", "correlationVector":"Qkz4bydjy/pp5wAWtYQGO8.0","action":"Commit Response", "result":"Network error (ERR_INTERNET_DISCONNECTED)", "context":Result: Network error (ERR_INTERNET_DISCONNECTED). }
{"logTime": "0107/000932", "correlationVector":"nfGi6E1zRd7HTfdvhJDjj+","action":"Commit Request", "result":"", "context":Item count: 9
Contributing types: Sessions, History}
{"logTime": "0107/000932", "correlationVector":"nfGi6E1zRd7HTfdvhJDjj+.1","action":"SyncServerConnectionManagerRequest", "result":"SYNC_SERVER_OK", "context":{"environment":"Prod_EastUS2_000e", "migrationStage":"NotStarted", "server":"GENERAL0100001W"}}
{"logTime": "0107/000932", "correlationVector":"nfGi6E1zRd7HTfdvhJDjj+.2","action":"Commit Response", "result":"Success", "context":Result: Success. cV=nfGi6E1zRd7HTfdvhJDjj+.0;server=GENERAL0100001W;cloudType=Consumer;environment=Prod_EastUS2_000e;migrationStage=NotStarted}
{"logTime": "0107/001004", "correlationVector":"vs1+ZrnWqG3pIWiKtOhQlg","action":"Commit Request", "result":"", "context":Item count: 3
Contributing types: Sessions, History}
{"logTime": "0107/001004", "correlationVector":"vs1+ZrnWqG3pIWiKtOhQlg.1","action":"SyncServerConnectionManagerRequest", "result":"SYNC_SERVER_OK", "context":{"environment":"Prod_EastUS2_000e", "migrationStage":"NotStarted", "server":"GENERAL01000024"}}
{"logTime": "0107/001004", "correlationVector":"vs1+ZrnWqG3pIWiKtOhQlg.2","action":"Commit Response", "result":"Success", "context":Result: Success. cV=vs1+ZrnWqG3pIWiKtOhQlg.0;server=GENERAL01000024;cloudType=Consumer;environment=Prod_EastUS2_000e;migrationStage=NotStarted}
{"logTime": "0107/224107", "correlationVector":"2vlblz7xrD/Se+OOPvfzrh.1","action":"SyncServerConnectionManagerRequest", "result":"SYNC_SERVER_OK", "context":{"environment":"Prod_brazilsouth_prod-s01-001-sam-brazilsouth", "migrationStage":"NotStarted", "server":"akswtt20600000a"}}
{"logTime": "0107/224108", "correlationVector":"Rztie4+LLX7O3J8lspxJPP","action":"SyncServerConnectionManagerRequest", "result":"SYNC_SERVER_OK", "context":{"environment":"", "migrationStage":"", "server":""}}
{"logTime": "0107/224108", "correlationVector":"2vlblz7xrD/Se+OOPvfzrh","action":"Initial GetUpdates", "result":"", "context":Reason: NEW_CLIENT. cV=2vlblz7xrD/Se+OOPvfzrh}
{"logTime": "0107/224108", "correlationVector":"2vlblz7xrD/Se+OOPvfzrh.2","action":"GetUpdates Response", "result":"Success", "context":Received 1 update(s). cV=2vlblz7xrD/Se+OOPvfzrh.0;server=akswtt20600000a;cloudType=Consumer;environment=Prod_brazilsouth_prod-s01-001-sam-brazilsouth;migrationStage=NotStarted}
{"logTime": "0107/224108", "correlationVector":"O+JCvkku/jCTxDiJ7Vl9CQ","action":"Initial GetUpdates", "result":"", "context":Reason: NEWLY_SUPPORTED_DATATYPE. cV=O+JCvkku/jCTxDiJ7Vl9CQ}
{"logTime": "0107/224108", "correlationVector":"O+JCvkku/jCTxDiJ7Vl9CQ.1","action":"SyncServerConnectionManagerRequest", "result":"SYNC_SERVER_OK", "context":{"environment":"Prod_brazilsouth_prod-s01-001-sam-brazilsouth", "migrationStage":"NotStarted", "server":"akswtt206000013"}}
{"logTime": "0107/224108", "correlationVector":"O+JCvkku/jCTxDiJ7Vl9CQ.2","action":"GetUpdates Response", "result":"Success", "context":Received 106 update(s). cV=O+JCvkku/jCTxDiJ7Vl9CQ.0;server=akswtt206000013;cloudType=Consumer;environment=Prod_brazilsouth_prod-s01-001-sam-brazilsouth;migrationStage=NotStarted}
{"logTime": "0107/224108", "correlationVector":"mtxgz0rkjPucCxFlTq/3PS","action":"Normal GetUpdate request", "result":"", "context":cV=mtxgz0rkjPucCxFlTq/3PS
Nudged types: Sessions, History
Refresh requested types: Bookmarks, Preferences, Passwords, Autofill Profiles, Autofill, Extensions, Sessions, Extension settings, History Delete Directives, Device Info, User Consents, Send Tab To Self, Web Apps, History, Collection, Edge E Drop, Edge Hub App Usage, Edge Tab Group, Edge Wallet, Encryption Keys}
{"logTime": "0107/224109", "correlationVector":"mtxgz0rkjPucCxFlTq/3PS.1","action":"SyncServerConnectionManagerRequest", "result":"SYNC_SERVER_OK", "context":{"environment":"Prod_brazilsouth_prod-s01-001-sam-brazilsouth", "migrationStage":"NotStarted", "server":"akswtt20600000n"}}
{"logTime": "0107/224109", "correlationVector":"mtxgz0rkjPucCxFlTq/3PS.2","action":"GetUpdates", "result":"DeleteReceived", "context":{"id":"40ce867d-e899-467c-a09f-c719f56905d9", "isDeleted:":"true", "version":"1736211764376"}}
{"logTime": "0107/224109", "correlationVector":"mtxgz0rkjPucCxFlTq/3PS.3","action":"GetUpdates Response", "result":"Success", "context":Received 34 update(s). cV=mtxgz0rkjPucCxFlTq/3PS.0;server=akswtt20600000n;cloudType=Consumer;environment=Prod_brazilsouth_prod-s01-001-sam-brazilsouth;migrationStage=NotStarted}
{"logTime": "0107/224111", "correlationVector":"jrevHe2EjXAjzdpbaqd9Tq","action":"Poll GetUpdate request", "result":"", "context":cV=jrevHe2EjXAjzdpbaqd9Tq}
{"logTime": "0107/224111", "correlationVector":"jrevHe2EjXAjzdpbaqd9Tq.1","action":"SyncServerConnectionManagerRequest", "result":"SYNC_SERVER_OK", "context":{"environment":"Prod_brazilsouth_prod-s01-001-sam-brazilsouth", "migrationStage":"NotStarted", "server":"akswtt206000000"}}
{"logTime": "0107/224111", "correlationVector":"jrevHe2EjXAjzdpbaqd9Tq.2","action":"GetUpdates Response", "result":"Success", "context":Received 0 update(s). cV=jrevHe2EjXAjzdpbaqd9Tq.0;server=akswtt206000000;cloudType=Consumer;environment=Prod_brazilsouth_prod-s01-001-sam-brazilsouth;migrationStage=NotStarted}
{"logTime": "0107/224111", "correlationVector":"G/obDHIWSgimhSSSXIPxWT","action":"DoCompareDataConsistency requsted types: ", "result":"Bookmarks, Preferences, Passwords, Extensions, Extension settings, History Delete Directives, Send Tab To Self, Web Apps, History, Collection, Edge E Drop, Edge Tab Group, Edge Wallet, Encryption Keys"}
{"logTime": "0107/224111", "correlationVector":"G/obDHIWSgimhSSSXIPxWT.0","action":"CompareDataConsistency result: ", "result":"Compare result: Encryption Keys is consistent. local entities count is: 1 local entities hash is: FXmjnpwYZ5o5+W7WmY2FmYlpqKk="}
{"logTime": "0107/224111", "correlationVector":"G/obDHIWSgimhSSSXIPxWT.1","action":"CompareDataConsistency result: ", "result":"Compare result: Bookmarks is consistent. local entities count is: 9 local entities hash is: NYGaQ+58ygTxGzPiiLNJO9YaIM0="}
{"logTime": "0107/224111", "correlationVector":"G/obDHIWSgimhSSSXIPxWT.2","action":"CompareDataConsistency result: ", "result":"Compare result: Preferences is consistent. local entities count is: 54 local entities hash is: LMCpHYKFElmhCTr88tt7y6KkQP8="}
{"logTime": "0107/224111", "correlationVector":"G/obDHIWSgimhSSSXIPxWT.3","action":"CompareDataConsistency result: ", "result":"Compare result: Extensions is consistent. local entities count is: 0 local entities hash is: "}
{"logTime": "0107/224111", "correlationVector":"G/obDHIWSgimhSSSXIPxWT.4","action":"CompareDataConsistency result: ", "result":"Compare result: Extension settings is consistent. local entities count is: 0 local entities hash is: "}
{"logTime": "0107/224111", "correlationVector":"G/obDHIWSgimhSSSXIPxWT.5","action":"CompareDataConsistency result: ", "result":"Compare result: History Delete Directives is consistent. local entities count is: 0 local entities hash is: "}
{"logTime": "0107/224111", "correlationVector":"G/obDHIWSgimhSSSXIPxWT.6","action":"CompareDataConsistency result: ", "result":"Server did not send this Send Tab To Self local entities count is: 0 local entities hash is: "}
{"logTime": "0107/224111", "correlationVector":"G/obDHIWSgimhSSSXIPxWT.7","action":"CompareDataConsistency result: ", "result":"Compare result: Web Apps is consistent. local entities count is: 0 local entities hash is: "}
{"logTime": "0107/224111", "correlationVector":"G/obDHIWSgimhSSSXIPxWT.8","action":"CompareDataConsistency result: ", "result":"Server did not send this History local entities count is: 0 local entities hash is: "}
{"logTime": "0107/224111", "correlationVector":"G/obDHIWSgimhSSSXIPxWT.9","action":"CompareDataConsistency result: ", "result":"Compare result: Collection is consistent. local entities count is: 0 local entities hash is: "}
{"logTime": "0107/224111", "correlationVector":"G/obDHIWSgimhSSSXIPxWT.10","action":"CompareDataConsistency result: ", "result":"Compare result: Edge E Drop is consistent. local entities count is: 0 local entities hash is: "}
{"logTime": "0107/224111", "correlationVector":"G/obDHIWSgimhSSSXIPxWT.11","action":"CompareDataConsistency result: ", "result":"Compare result: Edge Tab Group is consistent. local entities count is: 0 local entities hash is: "}
{"logTime": "0107/224111", "correlationVector":"G/obDHIWSgimhSSSXIPxWT.12","action":"CompareDataConsistency result: ", "result":"Compare result: Edge Wallet is consistent. local entities count is: 0 local entities hash is: "}
{"logTime": "0107/224111", "correlationVector":"G/obDHIWSgimhSSSXIPxWT.13","action":"CompareDataConsistency result: ", "result":"Compare result: Passwords is consistent. local entities count is: 106 local entities hash is: jCFBWlkNjfBQ3fzpR/gS+olc0/U="}
{"logTime": "0107/224112", "correlationVector":"","action":"DIAGNOSTIC_REQUEST|v1/diagnosticData/Diagnostic.SendCheckResult()|SUCCESS", "result":""}
{"logTime": "0107/224149", "correlationVector":"jl7R5Ae8t6KJ3/9DZlShzi","action":"Commit Request", "result":"", "context":Item count: 8
Contributing types: Sessions, History}
{"logTime": "0107/224149", "correlationVector":"jl7R5Ae8t6KJ3/9DZlShzi.1","action":"SyncServerConnectionManagerRequest", "result":"SYNC_SERVER_OK", "context":{"environment":"Prod_brazilsouth_prod-s01-001-sam-brazilsouth", "migrationStage":"NotStarted", "server":"akswtt20600000c"}}
{"logTime": "0107/224149", "correlationVector":"jl7R5Ae8t6KJ3/9DZlShzi.2","action":"Commit Response", "result":"Success", "context":Result: Success. cV=jl7R5Ae8t6KJ3/9DZlShzi.0;server=akswtt20600000c;cloudType=Consumer;environment=Prod_brazilsouth_prod-s01-001-sam-brazilsouth;migrationStage=NotStarted}
{"logTime": "0107/224154", "correlationVector":"w1IV0T69mHnFN/2U+VEzuU","action":"Commit Request", "result":"", "context":Item count: 1
Contributing types: Preferences}
{"logTime": "0107/224155", "correlationVector":"w1IV0T69mHnFN/2U+VEzuU.1","action":"SyncServerConnectionManagerRequest", "result":"SYNC_SERVER_OK", "context":{"environment":"Prod_brazilsouth_prod-s01-001-sam-brazilsouth", "migrationStage":"NotStarted", "server":"akswtt20600000u"}}
{"logTime": "0107/224155", "correlationVector":"w1IV0T69mHnFN/2U+VEzuU.2","action":"Commit Response", "result":"Success", "context":Result: Success. cV=w1IV0T69mHnFN/2U+VEzuU.0;server=akswtt20600000u;cloudType=Consumer;environment=Prod_brazilsouth_prod-s01-001-sam-brazilsouth;migrationStage=NotStarted}
{"logTime": "0107/224259", "correlationVector":"x+aL24pMqfAm7nzxnA30Gk","action":"Commit Request", "result":"", "context":Item count: 3
Contributing types: Sessions, History}
{"logTime": "0107/224259", "correlationVector":"x+aL24pMqfAm7nzxnA30Gk.1","action":"SyncServerConnectionManagerRequest", "result":"SYNC_SERVER_OK", "context":{"environment":"Prod_brazilsouth_prod-s01-001-sam-brazilsouth", "migrationStage":"NotStarted", "server":"akswtt20600000g"}}
{"logTime": "0107/224259", "correlationVector":"x+aL24pMqfAm7nzxnA30Gk.2","action":"Commit Response", "result":"Success", "context":Result: Success. cV=x+aL24pMqfAm7nzxnA30Gk.0;server=akswtt20600000g;cloudType=Consumer;environment=Prod_brazilsouth_prod-s01-001-sam-brazilsouth;migrationStage=NotStarted}
{"logTime": "0107/224606", "correlationVector":"zDfWD+BKPnxofe+46cBDm7","action":"Normal GetUpdate request", "result":"", "context":cV=zDfWD+BKPnxofe+46cBDm7
Refresh requested types: Bookmarks, Preferences, Passwords, Autofill Profiles, Autofill, Extensions, Sessions, Extension settings, History Delete Directives, Device Info, User Consents, Send Tab To Self, Web Apps, History, Collection, Edge E Drop, Edge Hub App Usage, Edge Tab Group, Edge Wallet, Encryption Keys}
{"logTime": "0107/224606", "correlationVector":"zDfWD+BKPnxofe+46cBDm7.1","action":"SyncServerConnectionManagerRequest", "result":"SYNC_SERVER_OK", "context":{"environment":"Prod_brazilsouth_prod-s01-034-sam-brazilsouth", "migrationStage":"NotStarted", "server":"akswtt003000003"}}
{"logTime": "0107/224606", "correlationVector":"zDfWD+BKPnxofe+46cBDm7.2","action":"GetUpdates Response", "result":"Success", "context":Received 10 update(s). cV=zDfWD+BKPnxofe+46cBDm7.0;server=akswtt003000003;cloudType=Consumer;environment=Prod_brazilsouth_prod-s01-034-sam-brazilsouth;migrationStage=NotStarted}
{"logTime": "0107/225812", "correlationVector":"u8ZrsTYimK567C2v3GM72x.1","action":"SyncServerConnectionManagerRequest", "result":"SYNC_SERVER_OK", "context":{"environment":"Prod_brazilsouth_prod-s01-001-sam-brazilsouth", "migrationStage":"NotStarted", "server":"akswtt20600000l"}}
{"logTime": "0107/225813", "correlationVector":"gbRlbsmVpc4SF/aKpCwU1S","action":"SyncServerConnectionManagerRequest", "result":"SYNC_SERVER_OK", "context":{"environment":"", "migrationStage":"", "server":""}}
{"logTime": "0107/225813", "correlationVector":"u8ZrsTYimK567C2v3GM72x","action":"Initial GetUpdates", "result":"", "context":Reason: NEW_CLIENT. cV=u8ZrsTYimK567C2v3GM72x}
{"logTime": "0107/225813", "correlationVector":"u8ZrsTYimK567C2v3GM72x.2","action":"GetUpdates Response", "result":"Success", "context":Received 1 update(s). cV=u8ZrsTYimK567C2v3GM72x.0;server=akswtt20600000l;cloudType=Consumer;environment=Prod_brazilsouth_prod-s01-001-sam-brazilsouth;migrationStage=NotStarted}
{"logTime": "0107/225813", "correlationVector":"b6vllGwYOriK3Bqt1TyPq4","action":"Initial GetUpdates", "result":"", "context":Reason: NEWLY_SUPPORTED_DATATYPE. cV=b6vllGwYOriK3Bqt1TyPq4}
{"logTime": "0107/225814", "correlationVector":"b6vllGwYOriK3Bqt1TyPq4.1","action":"SyncServerConnectionManagerRequest", "result":"SYNC_SERVER_OK", "context":{"environment":"Prod_brazilsouth_prod-s01-001-sam-brazilsouth", "migrationStage":"NotStarted", "server":"akswtt20600000l"}}
{"logTime": "0107/225814", "correlationVector":"b6vllGwYOriK3Bqt1TyPq4.2","action":"GetUpdates Response", "result":"Success", "context":Received 106 update(s). cV=b6vllGwYOriK3Bqt1TyPq4.0;server=akswtt20600000l;cloudType=Consumer;environment=Prod_brazilsouth_prod-s01-001-sam-brazilsouth;migrationStage=NotStarted}
{"logTime": "0107/225814", "correlationVector":"BINYld21TrRiClMyDkrUq7","action":"Normal GetUpdate request", "result":"", "context":cV=BINYld21TrRiClMyDkrUq7
Nudged types: Sessions, History
Refresh requested types: Bookmarks, Preferences, Passwords, Autofill Profiles, Autofill, Extensions, Sessions, Extension settings, History Delete Directives, Device Info, User Consents, Send Tab To Self, Web Apps, History, Collection, Edge E Drop, Edge Hub App Usage, Edge Tab Group, Edge Wallet, Encryption Keys}
{"logTime": "0107/225814", "correlationVector":"BINYld21TrRiClMyDkrUq7.1","action":"SyncServerConnectionManagerRequest", "result":"SYNC_SERVER_OK", "context":{"environment":"Prod_brazilsouth_prod-s01-001-sam-brazilsouth", "migrationStage":"NotStarted", "server":"akswtt20600000g"}}
{"logTime": "0107/225814", "correlationVector":"BINYld21TrRiClMyDkrUq7.2","action":"GetUpdates Response", "result":"Success", "context":Received 7 update(s). cV=BINYld21TrRiClMyDkrUq7.0;server=akswtt20600000g;cloudType=Consumer;environment=Prod_brazilsouth_prod-s01-001-sam-brazilsouth;migrationStage=NotStarted}
{"logTime": "0107/225816", "correlationVector":"gDOdTXWkqb35LwOAh5XB2n","action":"Commit Request", "result":"", "context":Item count: 3
Contributing types: Sessions}
{"logTime": "0107/225816", "correlationVector":"gDOdTXWkqb35LwOAh5XB2n.1","action":"SyncServerConnectionManagerRequest", "result":"SYNC_SERVER_OK", "context":{"environment":"Prod_brazilsouth_prod-s01-001-sam-brazilsouth", "migrationStage":"NotStarted", "server":"akswtt20600000b"}}
{"logTime": "0107/225816", "correlationVector":"gDOdTXWkqb35LwOAh5XB2n.3","action":"Commit.Sessions", "result":"Success", "context":{"id":"54d90049-d79b-41a9-935d-82d3365bf57c", "isDeleted":"true", "size":"0", "version":"1736289780864"}}
{"logTime": "0107/225816", "correlationVector":"gDOdTXWkqb35LwOAh5XB2n.2","action":"Commit Response", "result":"Success", "context":Result: Success. cV=gDOdTXWkqb35LwOAh5XB2n.0;server=akswtt20600000b;cloudType=Consumer;environment=Prod_brazilsouth_prod-s01-001-sam-brazilsouth;migrationStage=NotStarted}
{"logTime": "0107/225846", "correlationVector":"VI5/XpAVgYIIC4IDUIvmg0","action":"Commit Request", "result":"", "context":Item count: 7
Contributing types: Sessions, History}
{"logTime": "0107/225847", "correlationVector":"VI5/XpAVgYIIC4IDUIvmg0.1","action":"SyncServerConnectionManagerRequest", "result":"SYNC_SERVER_OK", "context":{"environment":"Prod_brazilsouth_prod-s01-001-sam-brazilsouth", "migrationStage":"NotStarted", "server":"akswtt206000007"}}
{"logTime": "0107/225847", "correlationVector":"VI5/XpAVgYIIC4IDUIvmg0.2","action":"Commit Response", "result":"Success", "context":Result: Success. cV=VI5/XpAVgYIIC4IDUIvmg0.0;server=akswtt206000007;cloudType=Consumer;environment=Prod_brazilsouth_prod-s01-001-sam-brazilsouth;migrationStage=NotStarted}
{"logTime": "0107/225857", "correlationVector":"gDUK1kDu8lMQfGsE0T2MPb","action":"Commit Request", "result":"", "context":Item count: 1
Contributing types: Preferences}
{"logTime": "0107/225857", "correlationVector":"gDUK1kDu8lMQfGsE0T2MPb.1","action":"SyncServerConnectionManagerRequest", "result":"SYNC_SERVER_OK", "context":{"environment":"Prod_brazilsouth_prod-s01-001-sam-brazilsouth", "migrationStage":"NotStarted", "server":"akswtt206000018"}}
{"logTime": "0107/225857", "correlationVector":"gDUK1kDu8lMQfGsE0T2MPb.2","action":"Commit Response", "result":"Success", "context":Result: Success. cV=gDUK1kDu8lMQfGsE0T2MPb.0;server=akswtt206000018;cloudType=Consumer;environment=Prod_brazilsouth_prod-s01-001-sam-brazilsouth;migrationStage=NotStarted}
{"logTime": "0107/230311", "correlationVector":"pQ9/X7FvQHoY9QSnNkTnst","action":"Normal GetUpdate request", "result":"", "context":cV=pQ9/X7FvQHoY9QSnNkTnst
Refresh requested types: Bookmarks, Preferences, Passwords, Autofill Profiles, Autofill, Extensions, Sessions, Extension settings, History Delete Directives, Device Info, User Consents, Send Tab To Self, Web Apps, History, Collection, Edge E Drop, Edge Hub App Usage, Edge Tab Group, Edge Wallet, Encryption Keys}
{"logTime": "0107/230312", "correlationVector":"pQ9/X7FvQHoY9QSnNkTnst.1","action":"SyncServerConnectionManagerRequest", "result":"SYNC_SERVER_OK", "context":{"environment":"Prod_brazilsouth_prod-s01-001-sam-brazilsouth", "migrationStage":"NotStarted", "server":"akswtt20600000j"}}
{"logTime": "0107/230312", "correlationVector":"pQ9/X7FvQHoY9QSnNkTnst.2","action":"GetUpdates", "result":"DeleteReceived", "context":{"id":"54d90049-d79b-41a9-935d-82d3365bf57c", "isDeleted:":"true", "version":"1736290697273"}}
{"logTime": "0107/230312", "correlationVector":"pQ9/X7FvQHoY9QSnNkTnst.3","action":"GetUpdates Response", "result":"Success", "context":Received 10 update(s). cV=pQ9/X7FvQHoY9QSnNkTnst.0;server=akswtt20600000j;cloudType=Consumer;environment=Prod_brazilsouth_prod-s01-001-sam-brazilsouth;migrationStage=NotStarted}
{"logTime": "0107/235020", "correlationVector":"MwML5dPkmHEAxNysPr5G5R.1","action":"SyncServerConnectionManagerRequest", "result":"SYNC_SERVER_OK", "context":{"environment":"Prod_brazilsouth_prod-s01-034-sam-brazilsouth", "migrationStage":"NotStarted", "server":"akswtt003000003"}}
{"logTime": "0107/235020", "correlationVector":"ZdjaNpbBIt6cAafTnzOUOi","action":"SyncServerConnectionManagerRequest", "result":"SYNC_SERVER_OK", "context":{"environment":"", "migrationStage":"", "server":""}}
{"logTime": "0107/235020", "correlationVector":"MwML5dPkmHEAxNysPr5G5R","action":"Initial GetUpdates", "result":"", "context":Reason: NEW_CLIENT. cV=MwML5dPkmHEAxNysPr5G5R}
{"logTime": "0107/235020", "correlationVector":"MwML5dPkmHEAxNysPr5G5R.2","action":"GetUpdates Response", "result":"Success", "context":Received 1 update(s). cV=MwML5dPkmHEAxNysPr5G5R.0;server=akswtt003000003;cloudType=Consumer;environment=Prod_brazilsouth_prod-s01-034-sam-brazilsouth;migrationStage=NotStarted}
{"logTime": "0107/235020", "correlationVector":"OUQJJOJB2azoHsNHxFvUEa","action":"Initial GetUpdates", "result":"", "context":Reason: NEWLY_SUPPORTED_DATATYPE. cV=OUQJJOJB2azoHsNHxFvUEa}
{"logTime": "0107/235022", "correlationVector":"OUQJJOJB2azoHsNHxFvUEa.1","action":"SyncServerConnectionManagerRequest", "result":"SYNC_SERVER_OK", "context":{"environment":"Prod_brazilsouth_prod-s01-034-sam-brazilsouth", "migrationStage":"NotStarted", "server":"akswtt00300000l"}}
{"logTime": "0107/235022", "correlationVector":"OUQJJOJB2azoHsNHxFvUEa.2","action":"GetUpdates Response", "result":"Success", "context":Received 106 update(s). cV=OUQJJOJB2azoHsNHxFvUEa.0;server=akswtt00300000l;cloudType=Consumer;environment=Prod_brazilsouth_prod-s01-034-sam-brazilsouth;migrationStage=NotStarted}
{"logTime": "0107/235022", "correlationVector":"EtKv2kIYZnv/wVh4ZsoWzd","action":"Normal GetUpdate request", "result":"", "context":cV=EtKv2kIYZnv/wVh4ZsoWzd
Nudged types: Sessions, Device Info, History
Refresh requested types: Bookmarks, Preferences, Passwords, Autofill Profiles, Autofill, Extensions, Sessions, Extension settings, History Delete Directives, Device Info, User Consents, Send Tab To Self, Web Apps, History, Collection, Edge E Drop, Edge Hub App Usage, Edge Tab Group, Edge Wallet, Encryption Keys}
{"logTime": "0107/235022", "correlationVector":"EtKv2kIYZnv/wVh4ZsoWzd.1","action":"SyncServerConnectionManagerRequest", "result":"SYNC_SERVER_OK", "context":{"environment":"Prod_brazilsouth_prod-s01-034-sam-brazilsouth", "migrationStage":"NotStarted", "server":"akswtt00300000y"}}
{"logTime": "0107/235022", "correlationVector":"EtKv2kIYZnv/wVh4ZsoWzd.2","action":"GetUpdates Response", "result":"Success", "context":Received 0 update(s). cV=EtKv2kIYZnv/wVh4ZsoWzd.0;server=akswtt00300000y;cloudType=Consumer;environment=Prod_brazilsouth_prod-s01-034-sam-brazilsouth;migrationStage=NotStarted}
{"logTime": "0107/235022", "correlationVector":"gsTgiGCci/C0RmrsKK1une","action":"Commit Request", "result":"", "context":Item count: 7
Contributing types: Sessions, Device Info, History}
{"logTime": "0107/235024", "correlationVector":"gsTgiGCci/C0RmrsKK1une.1","action":"SyncServerConnectionManagerRequest", "result":"SYNC_SERVER_OK", "context":{"environment":"Prod_brazilsouth_prod-s01-034-sam-brazilsouth", "migrationStage":"NotStarted", "server":"akswtt003000003"}}
{"logTime": "0107/235024", "correlationVector":"gsTgiGCci/C0RmrsKK1une.3","action":"Commit.Sessions", "result":"Success", "context":{"id":"6127e68a-df5c-44a4-b17e-46b9beb2321e", "isDeleted":"true", "size":"0", "version":"1736290728028"}}
{"logTime": "0107/235024", "correlationVector":"gsTgiGCci/C0RmrsKK1une.2","action":"Commit Response", "result":"Success", "context":Result: Success. cV=gsTgiGCci/C0RmrsKK1une.0;server=akswtt003000003;cloudType=Consumer;environment=Prod_brazilsouth_prod-s01-034-sam-brazilsouth;migrationStage=NotStarted}
{"logTime": "0107/235133", "correlationVector":"liGiWGQnzr7u1ivLY/ltj4.1","action":"SyncServerConnectionManagerRequest", "result":"SYNC_SERVER_OK", "context":{"environment":"Prod_brazilsouth_prod-s01-001-sam-brazilsouth", "migrationStage":"NotStarted", "server":"akswtt206000007"}}
{"logTime": "0107/235134", "correlationVector":"m0LuU/MduE0D6Inp8DgW00","action":"SyncServerConnectionManagerRequest", "result":"SYNC_SERVER_OK", "context":{"environment":"", "migrationStage":"", "server":""}}
{"logTime": "0107/235134", "correlationVector":"liGiWGQnzr7u1ivLY/ltj4","action":"Initial GetUpdates", "result":"", "context":Reason: NEW_CLIENT. cV=liGiWGQnzr7u1ivLY/ltj4}
{"logTime": "0107/235134", "correlationVector":"liGiWGQnzr7u1ivLY/ltj4.2","action":"GetUpdates Response", "result":"Success", "context":Received 1 update(s). cV=liGiWGQnzr7u1ivLY/ltj4.0;server=akswtt206000007;cloudType=Consumer;environment=Prod_brazilsouth_prod-s01-001-sam-brazilsouth;migrationStage=NotStarted}
{"logTime": "0107/235134", "correlationVector":"NFQGjU3va4wRP2qDsSqMcZ","action":"Initial GetUpdates", "result":"", "context":Reason: NEWLY_SUPPORTED_DATATYPE. cV=NFQGjU3va4wRP2qDsSqMcZ}
{"logTime": "0107/235134", "correlationVector":"NFQGjU3va4wRP2qDsSqMcZ.1","action":"SyncServerConnectionManagerRequest", "result":"SYNC_SERVER_OK", "context":{"environment":"Prod_brazilsouth_prod-s01-001-sam-brazilsouth", "migrationStage":"NotStarted", "server":"akswtt206000007"}}
{"logTime": "0107/235134", "correlationVector":"NFQGjU3va4wRP2qDsSqMcZ.2","action":"GetUpdates Response", "result":"Success", "context":Received 106 update(s). cV=NFQGjU3va4wRP2qDsSqMcZ.0;server=akswtt206000007;cloudType=Consumer;environment=Prod_brazilsouth_prod-s01-001-sam-brazilsouth;migrationStage=NotStarted}
{"logTime": "0107/235134", "correlationVector":"1zZ7xhZD8RIp4LVgq5mvV0","action":"Normal GetUpdate request", "result":"", "context":cV=1zZ7xhZD8RIp4LVgq5mvV0
Nudged types: Sessions, History
Refresh requested types: Bookmarks, Preferences, Passwords, Autofill Profiles, Autofill, Extensions, Sessions, Extension settings, History Delete Directives, Device Info, User Consents, Send Tab To Self, Web Apps, History, Collection, Edge E Drop, Edge Hub App Usage, Edge Tab Group, Edge Wallet, Encryption Keys}
{"logTime": "0107/235135", "correlationVector":"1zZ7xhZD8RIp4LVgq5mvV0.1","action":"SyncServerConnectionManagerRequest", "result":"SYNC_SERVER_OK", "context":{"environment":"Prod_brazilsouth_prod-s01-001-sam-brazilsouth", "migrationStage":"NotStarted", "server":"akswtt206000019"}}
{"logTime": "0107/235135", "correlationVector":"1zZ7xhZD8RIp4LVgq5mvV0.2","action":"GetUpdates Response", "result":"Success", "context":Received 12 update(s). cV=1zZ7xhZD8RIp4LVgq5mvV0.0;server=akswtt206000019;cloudType=Consumer;environment=Prod_brazilsouth_prod-s01-001-sam-brazilsouth;migrationStage=NotStarted}
{"logTime": "0107/235135", "correlationVector":"HWQyJg+BAznX5D+nNjEBgT","action":"Commit Request", "result":"", "context":Item count: 4
Contributing types: Sessions, History}
{"logTime": "0107/235136", "correlationVector":"HWQyJg+BAznX5D+nNjEBgT.1","action":"SyncServerConnectionManagerRequest", "result":"SYNC_SERVER_OK", "context":{"environment":"Prod_brazilsouth_prod-s01-001-sam-brazilsouth", "migrationStage":"NotStarted", "server":"akswtt20600000j"}}
{"logTime": "0107/235136", "correlationVector":"HWQyJg+BAznX5D+nNjEBgT.3","action":"Commit.Sessions", "result":"Success", "context":{"id":"40209f76-5583-47f0-b5de-e08e28d7667d", "isDeleted":"true", "size":"0", "version":"1736293866223"}}
{"logTime": "0107/235136", "correlationVector":"HWQyJg+BAznX5D+nNjEBgT.2","action":"Commit Response", "result":"Success", "context":Result: Success. cV=HWQyJg+BAznX5D+nNjEBgT.0;server=akswtt20600000j;cloudType=Consumer;environment=Prod_brazilsouth_prod-s01-001-sam-brazilsouth;migrationStage=NotStarted}
{"logTime": "0107/235206", "correlationVector":"jhNbAdan8TNPLR5kM50p5S","action":"Commit Request", "result":"", "context":Item count: 7
Contributing types: Sessions, History}
{"logTime": "0107/235207", "correlationVector":"jhNbAdan8TNPLR5kM50p5S.1","action":"SyncServerConnectionManagerRequest", "result":"SYNC_SERVER_OK", "context":{"environment":"Prod_brazilsouth_prod-s01-001-sam-brazilsouth", "migrationStage":"NotStarted", "server":"akswtt20600001v"}}
{"logTime": "0107/235207", "correlationVector":"jhNbAdan8TNPLR5kM50p5S.2","action":"Commit Response", "result":"Success", "context":Result: Success. cV=jhNbAdan8TNPLR5kM50p5S.0;server=akswtt20600001v;cloudType=Consumer;environment=Prod_brazilsouth_prod-s01-001-sam-brazilsouth;migrationStage=NotStarted}
{"logTime": "0107/235214", "correlationVector":"KEbpC3QnJYrJ3bonoI/WTc","action":"Commit Request", "result":"", "context":Item count: 1
Contributing types: Preferences}
{"logTime": "0107/235215", "correlationVector":"KEbpC3QnJYrJ3bonoI/WTc.1","action":"SyncServerConnectionManagerRequest", "result":"SYNC_SERVER_OK", "context":{"environment":"Prod_brazilsouth_prod-s01-001-sam-brazilsouth", "migrationStage":"NotStarted", "server":"akswtt206000005"}}
{"logTime": "0107/235215", "correlationVector":"KEbpC3QnJYrJ3bonoI/WTc.2","action":"Commit Response", "result":"Success", "context":Result: Success. cV=KEbpC3QnJYrJ3bonoI/WTc.0;server=akswtt206000005;cloudType=Consumer;environment=Prod_brazilsouth_prod-s01-001-sam-brazilsouth;migrationStage=NotStarted}
